<?xml version="1.0" encoding="UTF-8"?>
<testsuite xmlns:xsi="http://www.w3.org/2001/XMLSchema-instance" xsi:noNamespaceSchemaLocation="https://maven.apache.org/surefire/maven-surefire-plugin/xsd/surefire-test-report.xsd" version="3.0.2" name="com.stuby.stubpod.StubpodApplicationTests" time="2.613" tests="1" errors="0" skipped="0" failures="0">
  <properties>
[...]
</properties>
  <testcase name="contextLoads" classname="com.stuby.stubpod.StubpodApplicationTests" time="0.34">
    <system-out><![CDATA[01:01:11.109 [main] INFO org.springframework.test.context.support.AnnotationConfigContextLoaderUtils -- Could not detect default configuration classes for test class [com.stuby.stubpod.StubpodApplicationTests]: StubpodApplicationTests does not declare any static, non-private, non-final, nested classes annotated with @Configuration.
01:01:11.178 [main] INFO org.springframework.boot.test.context.SpringBootTestContextBootstrapper -- Found @SpringBootConfiguration com.stuby.stubpod.StubpodApplication for test class com.stuby.stubpod.StubpodApplicationTests

  .   ____          _            __ _ _
 /\\ / ___'_ __ _ _(_)_ __  __ _ \ \ \ \
( ( )\___ | '_ | '_| | '_ \/ _` | \ \ \ \
 \\/  ___)| |_)| | | | | || (_| |  ) ) ) )
  '  |____| .__|_| |_|_| |_\__, | / / / /
 =========|_|==============|___/=/_/_/_/

 :: Spring Boot ::                (v3.4.4)

2025-04-15T01:01:11.405+03:00  INFO 21840 --- [stubpod] [           main] c.stuby.stubpod.StubpodApplicationTests  : Starting StubpodApplicationTests using Java 17.0.14 with PID 21840 (started by asher in C:\Users\asher\git\kubernetes\services\stubpod)
2025-04-15T01:01:11.405+03:00 DEBUG 21840 --- [stubpod] [           main] c.stuby.stubpod.StubpodApplicationTests  : Running with Spring Boot v3.4.4, Spring v6.2.5
2025-04-15T01:01:11.406+03:00  INFO 21840 --- [stubpod] [           main] c.stuby.stubpod.StubpodApplicationTests  : No active profile set, falling back to 1 default profile: "default"
2025-04-15T01:01:11.406+03:00 DEBUG 21840 --- [stubpod] [           main] o.s.boot.SpringApplication               : Loading source class com.stuby.stubpod.StubpodApplication
2025-04-15T01:01:11.420+03:00 DEBUG 21840 --- [stubpod] [           main] o.s.w.c.s.GenericWebApplicationContext   : Refreshing org.springframework.web.context.support.GenericWebApplicationContext@5a6d5a8f
2025-04-15T01:01:11.428+03:00 DEBUG 21840 --- [stubpod] [           main] o.s.b.f.s.DefaultListableBeanFactory     : Creating shared instance of singleton bean 'org.springframework.context.annotation.internalConfigurationAnnotationProcessor'
2025-04-15T01:01:11.435+03:00 DEBUG 21840 --- [stubpod] [           main] o.s.b.f.s.DefaultListableBeanFactory     : Creating shared instance of singleton bean 'org.springframework.boot.autoconfigure.internalCachingMetadataReaderFactory'
2025-04-15T01:01:11.452+03:00 DEBUG 21840 --- [stubpod] [           main] o.s.c.a.ClassPathBeanDefinitionScanner   : Identified candidate component class: file [C:\Users\asher\git\kubernetes\services\stubpod\target\classes\com\stuby\stubpod\configuration\KubernetesConfig.class]
2025-04-15T01:01:11.453+03:00 DEBUG 21840 --- [stubpod] [           main] o.s.c.a.ClassPathBeanDefinitionScanner   : Identified candidate component class: file [C:\Users\asher\git\kubernetes\services\stubpod\target\classes\com\stuby\stubpod\configuration\RestTemplateConfig.class]
2025-04-15T01:01:11.458+03:00 DEBUG 21840 --- [stubpod] [           main] o.s.c.a.ClassPathBeanDefinitionScanner   : Identified candidate component class: file [C:\Users\asher\git\kubernetes\services\stubpod\target\classes\com\stuby\stubpod\controller\ApiController.class]
2025-04-15T01:01:11.459+03:00 DEBUG 21840 --- [stubpod] [           main] o.s.c.a.ClassPathBeanDefinitionScanner   : Identified candidate component class: file [C:\Users\asher\git\kubernetes\services\stubpod\target\classes\com\stuby\stubpod\controller\StubController.class]
2025-04-15T01:01:11.463+03:00 DEBUG 21840 --- [stubpod] [           main] o.s.c.a.ClassPathBeanDefinitionScanner   : Ignored because not a concrete top-level class: file [C:\Users\asher\git\kubernetes\services\stubpod\target\classes\com\stuby\stubpod\repository\StubRepository.class]
2025-04-15T01:01:11.464+03:00 DEBUG 21840 --- [stubpod] [           main] o.s.c.a.ClassPathBeanDefinitionScanner   : Identified candidate component class: file [C:\Users\asher\git\kubernetes\services\stubpod\target\classes\com\stuby\stubpod\service\FetchStubResponseService.class]
2025-04-15T01:01:11.464+03:00 DEBUG 21840 --- [stubpod] [           main] o.s.c.a.ClassPathBeanDefinitionScanner   : Identified candidate component class: file [C:\Users\asher\git\kubernetes\services\stubpod\target\classes\com\stuby\stubpod\service\GetSampleRequestService.class]
2025-04-15T01:01:11.464+03:00 DEBUG 21840 --- [stubpod] [           main] o.s.c.a.ClassPathBeanDefinitionScanner   : Identified candidate component class: file [C:\Users\asher\git\kubernetes\services\stubpod\target\classes\com\stuby\stubpod\service\GetServicesService.class]
2025-04-15T01:01:11.465+03:00 DEBUG 21840 --- [stubpod] [           main] o.s.c.a.ClassPathBeanDefinitionScanner   : Identified candidate component class: file [C:\Users\asher\git\kubernetes\services\stubpod\target\classes\com\stuby\stubpod\service\SetStubResponseService.class]
2025-04-15T01:01:11.465+03:00 DEBUG 21840 --- [stubpod] [           main] o.s.c.a.ClassPathBeanDefinitionScanner   : Identified candidate component class: file [C:\Users\asher\git\kubernetes\services\stubpod\target\classes\com\stuby\stubpod\service\SpinUpService.class]
2025-04-15T01:01:11.867+03:00  INFO 21840 --- [stubpod] [           main] .s.d.r.c.RepositoryConfigurationDelegate : Bootstrapping Spring Data MongoDB repositories in DEFAULT mode.
2025-04-15T01:01:11.870+03:00 DEBUG 21840 --- [stubpod] [           main] o.s.b.f.s.DefaultListableBeanFactory     : Creating shared instance of singleton bean 'org.springframework.boot.autoconfigure.AutoConfigurationPackages'
2025-04-15T01:01:11.875+03:00 DEBUG 21840 --- [stubpod] [           main] o.s.b.a.AutoConfigurationPackages        : @EnableAutoConfiguration was declared on a class in the package 'com.stuby.stubpod'. Automatic @Repository and @Entity scanning is enabled.
2025-04-15T01:01:11.875+03:00 DEBUG 21840 --- [stubpod] [           main] .s.d.r.c.RepositoryConfigurationDelegate : Scanning for MongoDB repositories in packages com.stuby.stubpod.
2025-04-15T01:01:11.881+03:00 DEBUG 21840 --- [stubpod] [           main] o.s.d.r.c.RepositoryComponentProvider    : Identified candidate component class: file [C:\Users\asher\git\kubernetes\services\stubpod\target\classes\com\stuby\stubpod\repository\StubRepository.class]
2025-04-15T01:01:11.895+03:00  INFO 21840 --- [stubpod] [           main] .s.d.r.c.RepositoryConfigurationDelegate : Finished Spring Data repository scanning in 19 ms. Found 1 MongoDB repository interface.
2025-04-15T01:01:11.966+03:00 DEBUG 21840 --- [stubpod] [           main] o.s.b.f.s.DefaultListableBeanFactory     : Creating shared instance of singleton bean 'propertySourcesPlaceholderConfigurer'
2025-04-15T01:01:11.970+03:00 DEBUG 21840 --- [stubpod] [           main] o.s.b.f.s.DefaultListableBeanFactory     : Creating shared instance of singleton bean 'org.springframework.boot.test.mock.mockito.MockitoPostProcessor'
2025-04-15T01:01:11.971+03:00 DEBUG 21840 --- [stubpod] [           main] o.s.b.f.s.DefaultListableBeanFactory     : Creating shared instance of singleton bean 'org.springframework.boot.sql.init.dependency.DatabaseInitializationDependencyConfigurer$DependsOnDatabaseInitializationPostProcessor'
2025-04-15T01:01:11.986+03:00 DEBUG 21840 --- [stubpod] [           main] o.s.b.f.s.DefaultListableBeanFactory     : Creating shared instance of singleton bean 'org.springframework.context.event.internalEventListenerProcessor'
2025-04-15T01:01:11.987+03:00 DEBUG 21840 --- [stubpod] [           main] o.s.b.f.s.DefaultListableBeanFactory     : Creating shared instance of singleton bean 'preserveErrorControllerTargetClassPostProcessor'
2025-04-15T01:01:11.987+03:00 DEBUG 21840 --- [stubpod] [           main] o.s.b.f.s.DefaultListableBeanFactory     : Creating shared instance of singleton bean 'forceAutoProxyCreatorToUseClassProxying'
2025-04-15T01:01:11.988+03:00 DEBUG 21840 --- [stubpod] [           main] o.s.b.f.s.DefaultListableBeanFactory     : Creating shared instance of singleton bean 'org.springframework.context.event.internalEventListenerFactory'
2025-04-15T01:01:11.991+03:00 DEBUG 21840 --- [stubpod] [           main] o.s.b.f.s.DefaultListableBeanFactory     : Creating shared instance of singleton bean 'org.springframework.boot.test.mock.mockito.MockitoPostProcessor$SpyPostProcessor'
2025-04-15T01:01:11.991+03:00 DEBUG 21840 --- [stubpod] [           main] o.s.b.f.s.DefaultListableBeanFactory     : Creating shared instance of singleton bean 'org.springframework.context.annotation.internalAutowiredAnnotationProcessor'
2025-04-15T01:01:11.992+03:00 DEBUG 21840 --- [stubpod] [           main] o.s.b.f.s.DefaultListableBeanFactory     : Creating shared instance of singleton bean 'org.springframework.context.annotation.internalCommonAnnotationProcessor'
2025-04-15T01:01:11.994+03:00 DEBUG 21840 --- [stubpod] [           main] o.s.b.f.s.DefaultListableBeanFactory     : Creating shared instance of singleton bean 'org.springframework.boot.context.properties.ConfigurationPropertiesBindingPostProcessor'
2025-04-15T01:01:11.994+03:00 DEBUG 21840 --- [stubpod] [           main] o.s.b.f.s.DefaultListableBeanFactory     : Creating shared instance of singleton bean 'org.springframework.boot.context.internalConfigurationPropertiesBinder'
2025-04-15T01:01:11.995+03:00 DEBUG 21840 --- [stubpod] [           main] o.s.b.f.s.DefaultListableBeanFactory     : Creating shared instance of singleton bean 'persistenceExceptionTranslationPostProcessor'
2025-04-15T01:01:11.997+03:00 DEBUG 21840 --- [stubpod] [           main] o.s.b.f.s.DefaultListableBeanFactory     : Autowiring by type from bean name 'persistenceExceptionTranslationPostProcessor' via factory method to bean named 'environment'
2025-04-15T01:01:12.001+03:00 DEBUG 21840 --- [stubpod] [           main] o.s.b.f.s.DefaultListableBeanFactory     : Creating shared instance of singleton bean 'org.springframework.aop.config.internalAutoProxyCreator'
2025-04-15T01:01:12.004+03:00 DEBUG 21840 --- [stubpod] [           main] o.s.b.f.s.DefaultListableBeanFactory     : Creating shared instance of singleton bean 'webServerFactoryCustomizerBeanPostProcessor'
2025-04-15T01:01:12.005+03:00 DEBUG 21840 --- [stubpod] [           main] o.s.b.f.s.DefaultListableBeanFactory     : Creating shared instance of singleton bean 'errorPageRegistrarBeanPostProcessor'
2025-04-15T01:01:12.005+03:00 DEBUG 21840 --- [stubpod] [           main] o.s.b.f.s.DefaultListableBeanFactory     : Creating shared instance of singleton bean 'healthEndpointGroupsBeanPostProcessor'
2025-04-15T01:01:12.007+03:00 DEBUG 21840 --- [stubpod] [           main] o.s.b.f.s.DefaultListableBeanFactory     : Creating shared instance of singleton bean 'meterRegistryPostProcessor'
2025-04-15T01:01:12.011+03:00 DEBUG 21840 --- [stubpod] [           main] o.s.b.f.s.DefaultListableBeanFactory     : Autowiring by type from bean name 'meterRegistryPostProcessor' via factory method to bean named 'org.springframework.web.context.support.GenericWebApplicationContext@5a6d5a8f'
2025-04-15T01:01:12.012+03:00 DEBUG 21840 --- [stubpod] [           main] o.s.b.f.s.DefaultListableBeanFactory     : Creating shared instance of singleton bean 'metricsRepositoryMethodInvocationListenerBeanPostProcessor'
2025-04-15T01:01:12.013+03:00 DEBUG 21840 --- [stubpod] [           main] o.s.b.f.s.DefaultListableBeanFactory     : Creating shared instance of singleton bean 'observationRegistryPostProcessor'
2025-04-15T01:01:12.013+03:00 DEBUG 21840 --- [stubpod] [           main] o.s.b.f.s.DefaultListableBeanFactory     : Creating shared instance of singleton bean 'projectingArgumentResolverBeanPostProcessor'
2025-04-15T01:01:12.021+03:00 DEBUG 21840 --- [stubpod] [           main] o.s.u.c.s.UiApplicationContextUtils      : Unable to locate ThemeSource with name 'themeSource': using default [org.springframework.ui.context.support.ResourceBundleThemeSource@4b515eab]
2025-04-15T01:01:12.022+03:00 DEBUG 21840 --- [stubpod] [           main] o.s.b.f.s.DefaultListableBeanFactory     : Creating shared instance of singleton bean 'org.springframework.test.context.support.internalDynamicPropertyRegistrarBeanInitializer'
2025-04-15T01:01:12.023+03:00 DEBUG 21840 --- [stubpod] [           main] o.s.b.f.s.DefaultListableBeanFactory     : Creating shared instance of singleton bean 'stubpodApplication'
2025-04-15T01:01:12.023+03:00 DEBUG 21840 --- [stubpod] [           main] o.s.b.f.s.DefaultListableBeanFactory     : Creating shared instance of singleton bean 'kubernetesConfig'
2025-04-15T01:01:12.024+03:00 DEBUG 21840 --- [stubpod] [           main] o.s.b.f.s.DefaultListableBeanFactory     : Creating shared instance of singleton bean 'restTemplateConfig'
2025-04-15T01:01:12.024+03:00 DEBUG 21840 --- [stubpod] [           main] o.s.b.f.s.DefaultListableBeanFactory     : Creating shared instance of singleton bean 'apiController'
2025-04-15T01:01:12.026+03:00 DEBUG 21840 --- [stubpod] [           main] o.s.b.f.s.DefaultListableBeanFactory     : Creating shared instance of singleton bean 'spinUpService'
2025-04-15T01:01:12.027+03:00 DEBUG 21840 --- [stubpod] [           main] o.s.b.f.s.DefaultListableBeanFactory     : Creating shared instance of singleton bean 'kubernetesClient'
2025-04-15T01:01:12.517+03:00 DEBUG 21840 --- [stubpod] [           main] o.s.b.f.s.DefaultListableBeanFactory     : Autowiring by type from bean name 'spinUpService' via constructor to bean named 'kubernetesClient'
2025-04-15T01:01:12.517+03:00 DEBUG 21840 --- [stubpod] [           main] o.s.b.f.s.DefaultListableBeanFactory     : Creating shared instance of singleton bean 'getServicesService'
2025-04-15T01:01:12.518+03:00 DEBUG 21840 --- [stubpod] [           main] o.s.b.f.s.DefaultListableBeanFactory     : Creating shared instance of singleton bean 'getSampleRequestService'
2025-04-15T01:01:12.518+03:00 DEBUG 21840 --- [stubpod] [           main] o.s.b.f.s.DefaultListableBeanFactory     : Creating shared instance of singleton bean 'restTemplate'
2025-04-15T01:01:12.529+03:00 DEBUG 21840 --- [stubpod] [           main] o.s.b.f.s.DefaultListableBeanFactory     : Autowiring by type from bean name 'getSampleRequestService' via constructor to bean named 'kubernetesClient'
2025-04-15T01:01:12.529+03:00 DEBUG 21840 --- [stubpod] [           main] o.s.b.f.s.DefaultListableBeanFactory     : Autowiring by type from bean name 'getSampleRequestService' via constructor to bean named 'restTemplate'
2025-04-15T01:01:12.529+03:00 DEBUG 21840 --- [stubpod] [           main] o.s.b.f.s.DefaultListableBeanFactory     : Autowiring by type from bean name 'getServicesService' via constructor to bean named 'kubernetesClient'
2025-04-15T01:01:12.529+03:00 DEBUG 21840 --- [stubpod] [           main] o.s.b.f.s.DefaultListableBeanFactory     : Autowiring by type from bean name 'getServicesService' via constructor to bean named 'getSampleRequestService'
2025-04-15T01:01:12.529+03:00 DEBUG 21840 --- [stubpod] [           main] o.s.b.f.s.DefaultListableBeanFactory     : Creating shared instance of singleton bean 'setStubResponseService'
2025-04-15T01:01:12.529+03:00 DEBUG 21840 --- [stubpod] [           main] o.s.b.f.s.DefaultListableBeanFactory     : Creating shared instance of singleton bean 'stubRepository'
2025-04-15T01:01:12.532+03:00 DEBUG 21840 --- [stubpod] [           main] o.s.b.f.s.DefaultListableBeanFactory     : Creating shared instance of singleton bean 'mongo.named-queries#0'
2025-04-15T01:01:12.534+03:00 DEBUG 21840 --- [stubpod] [           main] o.s.b.f.s.DefaultListableBeanFactory     : Creating shared instance of singleton bean 'mongodb.StubRepository.fragments#0'
2025-04-15T01:01:12.535+03:00 DEBUG 21840 --- [stubpod] [           main] o.s.b.f.s.DefaultListableBeanFactory     : Creating shared instance of singleton bean 'mongoTemplate'
2025-04-15T01:01:12.535+03:00 DEBUG 21840 --- [stubpod] [           main] o.s.b.f.s.DefaultListableBeanFactory     : Creating shared instance of singleton bean 'org.springframework.boot.autoconfigure.data.mongo.MongoDatabaseFactoryDependentConfiguration'
2025-04-15T01:01:12.536+03:00 DEBUG 21840 --- [stubpod] [           main] o.s.b.f.s.DefaultListableBeanFactory     : Creating shared instance of singleton bean 'mongoDatabaseFactory'
2025-04-15T01:01:12.536+03:00 DEBUG 21840 --- [stubpod] [           main] o.s.b.f.s.DefaultListableBeanFactory     : Creating shared instance of singleton bean 'org.springframework.boot.autoconfigure.data.mongo.MongoDatabaseFactoryConfiguration'
2025-04-15T01:01:12.537+03:00 DEBUG 21840 --- [stubpod] [           main] o.s.b.f.s.DefaultListableBeanFactory     : Creating shared instance of singleton bean 'mongo'
2025-04-15T01:01:12.537+03:00 DEBUG 21840 --- [stubpod] [           main] o.s.b.f.s.DefaultListableBeanFactory     : Creating shared instance of singleton bean 'org.springframework.boot.autoconfigure.mongo.MongoAutoConfiguration'
2025-04-15T01:01:12.537+03:00 DEBUG 21840 --- [stubpod] [           main] o.s.b.f.s.DefaultListableBeanFactory     : Creating shared instance of singleton bean 'mongoClientSettings'
2025-04-15T01:01:12.537+03:00 DEBUG 21840 --- [stubpod] [           main] o.s.b.f.s.DefaultListableBeanFactory     : Creating shared instance of singleton bean 'org.springframework.boot.autoconfigure.mongo.MongoAutoConfiguration$MongoClientSettingsConfiguration'
2025-04-15T01:01:12.557+03:00 DEBUG 21840 --- [stubpod] [           main] o.s.b.f.s.DefaultListableBeanFactory     : Autowiring by type from bean name 'mongo' via factory method to bean named 'mongoClientSettings'
2025-04-15T01:01:12.559+03:00 DEBUG 21840 --- [stubpod] [           main] o.s.b.f.s.DefaultListableBeanFactory     : Creating shared instance of singleton bean 'mongoMetricsConnectionPoolListenerClientSettingsBuilderCustomizer'
2025-04-15T01:01:12.559+03:00 DEBUG 21840 --- [stubpod] [           main] o.s.b.f.s.DefaultListableBeanFactory     : Creating shared instance of singleton bean 'org.springframework.boot.actuate.autoconfigure.metrics.mongo.MongoMetricsAutoConfiguration$MongoConnectionPoolMetricsConfiguration'
2025-04-15T01:01:12.559+03:00 DEBUG 21840 --- [stubpod] [           main] o.s.b.f.s.DefaultListableBeanFactory     : Creating shared instance of singleton bean 'mongoMetricsConnectionPoolListener'
2025-04-15T01:01:12.560+03:00 DEBUG 21840 --- [stubpod] [           main] o.s.b.f.s.DefaultListableBeanFactory     : Creating shared instance of singleton bean 'simpleMeterRegistry'
2025-04-15T01:01:12.560+03:00 DEBUG 21840 --- [stubpod] [           main] o.s.b.f.s.DefaultListableBeanFactory     : Creating shared instance of singleton bean 'org.springframework.boot.actuate.autoconfigure.metrics.export.simple.SimpleMetricsExportAutoConfiguration'
2025-04-15T01:01:12.560+03:00 DEBUG 21840 --- [stubpod] [           main] o.s.b.f.s.DefaultListableBeanFactory     : Creating shared instance of singleton bean 'simpleConfig'
2025-04-15T01:01:12.560+03:00 DEBUG 21840 --- [stubpod] [           main] o.s.b.f.s.DefaultListableBeanFactory     : Creating shared instance of singleton bean 'management.simple.metrics.export-org.springframework.boot.actuate.autoconfigure.metrics.export.simple.SimpleProperties'
2025-04-15T01:01:12.561+03:00 DEBUG 21840 --- [stubpod] [           main] o.s.b.f.s.DefaultListableBeanFactory     : Creating shared instance of singleton bean 'org.springframework.boot.context.properties.BoundConfigurationProperties'
2025-04-15T01:01:12.566+03:00 DEBUG 21840 --- [stubpod] [           main] o.s.b.f.s.DefaultListableBeanFactory     : Autowiring by type from bean name 'simpleConfig' via factory method to bean named 'management.simple.metrics.export-org.springframework.boot.actuate.autoconfigure.metrics.export.simple.SimpleProperties'
2025-04-15T01:01:12.568+03:00 DEBUG 21840 --- [stubpod] [           main] o.s.b.f.s.DefaultListableBeanFactory     : Creating shared instance of singleton bean 'micrometerClock'
2025-04-15T01:01:12.568+03:00 DEBUG 21840 --- [stubpod] [           main] o.s.b.f.s.DefaultListableBeanFactory     : Creating shared instance of singleton bean 'org.springframework.boot.actuate.autoconfigure.metrics.MetricsAutoConfiguration'
2025-04-15T01:01:12.568+03:00 DEBUG 21840 --- [stubpod] [           main] o.s.b.f.s.DefaultListableBeanFactory     : Autowiring by type from bean name 'simpleMeterRegistry' via factory method to bean named 'simpleConfig'
2025-04-15T01:01:12.568+03:00 DEBUG 21840 --- [stubpod] [           main] o.s.b.f.s.DefaultListableBeanFactory     : Autowiring by type from bean name 'simpleMeterRegistry' via factory method to bean named 'micrometerClock'
2025-04-15T01:01:12.579+03:00 DEBUG 21840 --- [stubpod] [           main] o.s.b.f.s.DefaultListableBeanFactory     : Creating shared instance of singleton bean 'propertiesMeterFilter'
2025-04-15T01:01:12.580+03:00 DEBUG 21840 --- [stubpod] [           main] o.s.b.f.s.DefaultListableBeanFactory     : Creating shared instance of singleton bean 'management.metrics-org.springframework.boot.actuate.autoconfigure.metrics.MetricsProperties'
2025-04-15T01:01:12.582+03:00 DEBUG 21840 --- [stubpod] [           main] o.s.b.f.s.DefaultListableBeanFactory     : Autowiring by type from bean name 'propertiesMeterFilter' via factory method to bean named 'management.metrics-org.springframework.boot.actuate.autoconfigure.metrics.MetricsProperties'
2025-04-15T01:01:12.583+03:00 DEBUG 21840 --- [stubpod] [           main] o.s.b.f.s.DefaultListableBeanFactory     : Creating shared instance of singleton bean 'metricsHttpClientUriTagFilter'
2025-04-15T01:01:12.583+03:00 DEBUG 21840 --- [stubpod] [           main] o.s.b.f.s.DefaultListableBeanFactory     : Creating shared instance of singleton bean 'org.springframework.boot.actuate.autoconfigure.observation.web.client.HttpClientObservationsAutoConfiguration$MeterFilterConfiguration'
2025-04-15T01:01:12.584+03:00 DEBUG 21840 --- [stubpod] [           main] o.s.b.f.s.DefaultListableBeanFactory     : Creating shared instance of singleton bean 'management.observations-org.springframework.boot.actuate.autoconfigure.observation.ObservationProperties'
2025-04-15T01:01:12.585+03:00 DEBUG 21840 --- [stubpod] [           main] o.s.b.f.s.DefaultListableBeanFactory     : Autowiring by type from bean name 'metricsHttpClientUriTagFilter' via factory method to bean named 'management.observations-org.springframework.boot.actuate.autoconfigure.observation.ObservationProperties'
2025-04-15T01:01:12.585+03:00 DEBUG 21840 --- [stubpod] [           main] o.s.b.f.s.DefaultListableBeanFactory     : Autowiring by type from bean name 'metricsHttpClientUriTagFilter' via factory method to bean named 'management.metrics-org.springframework.boot.actuate.autoconfigure.metrics.MetricsProperties'
2025-04-15T01:01:12.586+03:00 DEBUG 21840 --- [stubpod] [           main] o.s.b.f.s.DefaultListableBeanFactory     : Creating shared instance of singleton bean 'metricsHttpServerUriTagFilter'
2025-04-15T01:01:12.586+03:00 DEBUG 21840 --- [stubpod] [           main] o.s.b.f.s.DefaultListableBeanFactory     : Creating shared instance of singleton bean 'org.springframework.boot.actuate.autoconfigure.observation.web.servlet.WebMvcObservationAutoConfiguration$MeterFilterConfiguration'
2025-04-15T01:01:12.587+03:00 DEBUG 21840 --- [stubpod] [           main] o.s.b.f.s.DefaultListableBeanFactory     : Autowiring by type from bean name 'metricsHttpServerUriTagFilter' via factory method to bean named 'management.observations-org.springframework.boot.actuate.autoconfigure.observation.ObservationProperties'
2025-04-15T01:01:12.587+03:00 DEBUG 21840 --- [stubpod] [           main] o.s.b.f.s.DefaultListableBeanFactory     : Autowiring by type from bean name 'metricsHttpServerUriTagFilter' via factory method to bean named 'management.metrics-org.springframework.boot.actuate.autoconfigure.metrics.MetricsProperties'
2025-04-15T01:01:12.589+03:00 DEBUG 21840 --- [stubpod] [           main] o.s.b.f.s.DefaultListableBeanFactory     : Creating shared instance of singleton bean 'mongoConnectionPoolTagsProvider'
2025-04-15T01:01:12.590+03:00 DEBUG 21840 --- [stubpod] [           main] o.s.b.f.s.DefaultListableBeanFactory     : Autowiring by type from bean name 'mongoMetricsConnectionPoolListener' via factory method to bean named 'simpleMeterRegistry'
2025-04-15T01:01:12.590+03:00 DEBUG 21840 --- [stubpod] [           main] o.s.b.f.s.DefaultListableBeanFactory     : Autowiring by type from bean name 'mongoMetricsConnectionPoolListener' via factory method to bean named 'mongoConnectionPoolTagsProvider'
2025-04-15T01:01:12.593+03:00 DEBUG 21840 --- [stubpod] [           main] o.s.b.f.s.DefaultListableBeanFactory     : Autowiring by type from bean name 'mongoMetricsConnectionPoolListenerClientSettingsBuilderCustomizer' via factory method to bean named 'mongoMetricsConnectionPoolListener'
2025-04-15T01:01:12.593+03:00 DEBUG 21840 --- [stubpod] [           main] o.s.b.f.s.DefaultListableBeanFactory     : Creating shared instance of singleton bean 'mongoMetricsCommandListenerClientSettingsBuilderCustomizer'
2025-04-15T01:01:12.593+03:00 DEBUG 21840 --- [stubpod] [           main] o.s.b.f.s.DefaultListableBeanFactory     : Creating shared instance of singleton bean 'org.springframework.boot.actuate.autoconfigure.metrics.mongo.MongoMetricsAutoConfiguration$MongoCommandMetricsConfiguration'
2025-04-15T01:01:12.593+03:00 DEBUG 21840 --- [stubpod] [           main] o.s.b.f.s.DefaultListableBeanFactory     : Creating shared instance of singleton bean 'mongoMetricsCommandListener'
2025-04-15T01:01:12.594+03:00 DEBUG 21840 --- [stubpod] [           main] o.s.b.f.s.DefaultListableBeanFactory     : Creating shared instance of singleton bean 'mongoCommandTagsProvider'
2025-04-15T01:01:12.594+03:00 DEBUG 21840 --- [stubpod] [           main] o.s.b.f.s.DefaultListableBeanFactory     : Autowiring by type from bean name 'mongoMetricsCommandListener' via factory method to bean named 'simpleMeterRegistry'
2025-04-15T01:01:12.594+03:00 DEBUG 21840 --- [stubpod] [           main] o.s.b.f.s.DefaultListableBeanFactory     : Autowiring by type from bean name 'mongoMetricsCommandListener' via factory method to bean named 'mongoCommandTagsProvider'
2025-04-15T01:01:12.595+03:00 DEBUG 21840 --- [stubpod] [           main] o.s.b.f.s.DefaultListableBeanFactory     : Autowiring by type from bean name 'mongoMetricsCommandListenerClientSettingsBuilderCustomizer' via factory method to bean named 'mongoMetricsCommandListener'
2025-04-15T01:01:12.595+03:00 DEBUG 21840 --- [stubpod] [           main] o.s.b.f.s.DefaultListableBeanFactory     : Creating shared instance of singleton bean 'standardMongoSettingsCustomizer'
2025-04-15T01:01:12.596+03:00 DEBUG 21840 --- [stubpod] [           main] o.s.b.f.s.DefaultListableBeanFactory     : Creating shared instance of singleton bean 'spring.data.mongodb-org.springframework.boot.autoconfigure.mongo.MongoProperties'
2025-04-15T01:01:12.598+03:00 DEBUG 21840 --- [stubpod] [           main] o.s.b.f.s.DefaultListableBeanFactory     : Creating shared instance of singleton bean 'mongoConnectionDetails'
2025-04-15T01:01:12.598+03:00 DEBUG 21840 --- [stubpod] [           main] o.s.b.f.s.DefaultListableBeanFactory     : Autowiring by type from bean name 'mongoConnectionDetails' via factory method to bean named 'spring.data.mongodb-org.springframework.boot.autoconfigure.mongo.MongoProperties'
2025-04-15T01:01:12.600+03:00 DEBUG 21840 --- [stubpod] [           main] o.s.b.f.s.DefaultListableBeanFactory     : Autowiring by type from bean name 'standardMongoSettingsCustomizer' via factory method to bean named 'spring.data.mongodb-org.springframework.boot.autoconfigure.mongo.MongoProperties'
2025-04-15T01:01:12.600+03:00 DEBUG 21840 --- [stubpod] [           main] o.s.b.f.s.DefaultListableBeanFactory     : Autowiring by type from bean name 'standardMongoSettingsCustomizer' via factory method to bean named 'mongoConnectionDetails'
2025-04-15T01:01:12.602+03:00 DEBUG 21840 --- [stubpod] [           main] o.s.b.f.s.DefaultListableBeanFactory     : Creating shared instance of singleton bean 'sslBundleRegistry'
2025-04-15T01:01:12.602+03:00 DEBUG 21840 --- [stubpod] [           main] o.s.b.f.s.DefaultListableBeanFactory     : Creating shared instance of singleton bean 'org.springframework.boot.autoconfigure.ssl.SslAutoConfiguration'
2025-04-15T01:01:12.603+03:00 DEBUG 21840 --- [stubpod] [           main] o.s.b.f.s.DefaultListableBeanFactory     : Creating shared instance of singleton bean 'spring.ssl-org.springframework.boot.autoconfigure.ssl.SslProperties'
2025-04-15T01:01:12.604+03:00 DEBUG 21840 --- [stubpod] [           main] o.s.b.f.s.DefaultListableBeanFactory     : Autowiring by type from bean name 'org.springframework.boot.autoconfigure.ssl.SslAutoConfiguration' via constructor to bean named 'org.springframework.web.context.support.GenericWebApplicationContext@5a6d5a8f'
2025-04-15T01:01:12.604+03:00 DEBUG 21840 --- [stubpod] [           main] o.s.b.f.s.DefaultListableBeanFactory     : Autowiring by type from bean name 'org.springframework.boot.autoconfigure.ssl.SslAutoConfiguration' via constructor to bean named 'spring.ssl-org.springframework.boot.autoconfigure.ssl.SslProperties'
2025-04-15T01:01:12.605+03:00 DEBUG 21840 --- [stubpod] [           main] o.s.b.f.s.DefaultListableBeanFactory     : Creating shared instance of singleton bean 'sslPropertiesSslBundleRegistrar'
2025-04-15T01:01:12.605+03:00 DEBUG 21840 --- [stubpod] [           main] o.s.b.f.s.DefaultListableBeanFactory     : Creating shared instance of singleton bean 'fileWatcher'
2025-04-15T01:01:12.606+03:00 DEBUG 21840 --- [stubpod] [           main] o.s.b.f.s.DefaultListableBeanFactory     : Autowiring by type from bean name 'sslPropertiesSslBundleRegistrar' via factory method to bean named 'fileWatcher'
2025-04-15T01:01:12.663+03:00  INFO 21840 --- [stubpod] [           main] org.mongodb.driver.client                : MongoClient with metadata {"driver": {"name": "mongo-java-driver|sync|spring-boot", "version": "5.2.1"}, "os": {"type": "Windows", "name": "Windows 11", "architecture": "amd64", "version": "10.0"}, "platform": "Java/JetBrains s.r.o./17.0.14+1-b1367.22"} created with settings MongoClientSettings{readPreference=primary, writeConcern=WriteConcern{w=null, wTimeout=null ms, journal=null}, retryWrites=true, retryReads=true, readConcern=ReadConcern{level=null}, credential=null, transportSettings=null, commandListeners=[io.micrometer.core.instrument.binder.mongodb.MongoMetricsCommandListener@5cbe72b9], codecRegistry=ProvidersCodecRegistry{codecProviders=[ValueCodecProvider{}, BsonValueCodecProvider{}, DBRefCodecProvider{}, DBObjectCodecProvider{}, DocumentCodecProvider{}, CollectionCodecProvider{}, IterableCodecProvider{}, MapCodecProvider{}, GeoJsonCodecProvider{}, GridFSFileCodecProvider{}, Jsr310CodecProvider{}, JsonObjectCodecProvider{}, BsonCodecProvider{}, EnumCodecProvider{}, com.mongodb.client.model.mql.ExpressionCodecProvider@27fc0217, com.mongodb.Jep395RecordCodecProvider@e993715, com.mongodb.KotlinCodecProvider@686e7513]}, loggerSettings=LoggerSettings{maxDocumentLength=1000}, clusterSettings={hosts=[localhost:27017], srvServiceName=mongodb, mode=SINGLE, requiredClusterType=UNKNOWN, requiredReplicaSetName='null', serverSelector='null', clusterListeners='[]', serverSelectionTimeout='30000 ms', localThreshold='15 ms'}, socketSettings=SocketSettings{connectTimeoutMS=10000, readTimeoutMS=0, receiveBufferSize=0, proxySettings=ProxySettings{host=null, port=null, username=null, password=null}}, heartbeatSocketSettings=SocketSettings{connectTimeoutMS=10000, readTimeoutMS=10000, receiveBufferSize=0, proxySettings=ProxySettings{host=null, port=null, username=null, password=null}}, connectionPoolSettings=ConnectionPoolSettings{maxSize=100, minSize=0, maxWaitTimeMS=120000, maxConnectionLifeTimeMS=0, maxConnectionIdleTimeMS=0, maintenanceInitialDelayMS=0, maintenanceFrequencyMS=60000, connectionPoolListeners=[io.micrometer.core.instrument.binder.mongodb.MongoMetricsConnectionPoolListener@47eae91d], maxConnecting=2}, serverSettings=ServerSettings{heartbeatFrequencyMS=10000, minHeartbeatFrequencyMS=500, serverMonitoringMode=AUTO, serverListeners='[]', serverMonitorListeners='[]'}, sslSettings=SslSettings{enabled=false, invalidHostNameAllowed=false, context=null}, applicationName='null', compressorList=[], uuidRepresentation=JAVA_LEGACY, serverApi=null, autoEncryptionSettings=null, dnsClient=null, inetAddressResolver=null, contextProvider=null, timeoutMS=null}
2025-04-15T01:01:12.664+03:00 DEBUG 21840 --- [stubpod] [           main] o.s.b.f.s.DefaultListableBeanFactory     : Autowiring by type from bean name 'mongoDatabaseFactory' via factory method to bean named 'mongo'
2025-04-15T01:01:12.665+03:00 DEBUG 21840 --- [stubpod] [           main] o.s.b.f.s.DefaultListableBeanFactory     : Autowiring by type from bean name 'mongoDatabaseFactory' via factory method to bean named 'spring.data.mongodb-org.springframework.boot.autoconfigure.mongo.MongoProperties'
2025-04-15T01:01:12.665+03:00 DEBUG 21840 --- [stubpod] [           main] o.s.b.f.s.DefaultListableBeanFactory     : Autowiring by type from bean name 'mongoDatabaseFactory' via factory method to bean named 'mongoConnectionDetails'
2025-04-15T01:01:12.669+03:00 DEBUG 21840 --- [stubpod] [           main] o.s.b.f.s.DefaultListableBeanFactory     : Creating shared instance of singleton bean 'mappingMongoConverter'
2025-04-15T01:01:12.670+03:00 DEBUG 21840 --- [stubpod] [           main] o.s.b.f.s.DefaultListableBeanFactory     : Creating shared instance of singleton bean 'org.springframework.boot.autoconfigure.data.mongo.MongoDataConfiguration'
2025-04-15T01:01:12.671+03:00 DEBUG 21840 --- [stubpod] [           main] o.s.b.f.s.DefaultListableBeanFactory     : Creating shared instance of singleton bean 'mongoMappingContext'
2025-04-15T01:01:12.672+03:00 DEBUG 21840 --- [stubpod] [           main] o.s.b.f.s.DefaultListableBeanFactory     : Creating shared instance of singleton bean 'mongoCustomConversions'
2025-04-15T01:01:12.679+03:00  INFO 21840 --- [stubpod] [localhost:27017] org.mongodb.driver.cluster               : Monitor thread successfully connected to server with description ServerDescription{address=localhost:27017, type=STANDALONE, cryptd=false, state=CONNECTED, ok=true, minWireVersion=0, maxWireVersion=25, maxDocumentSize=16777216, logicalSessionTimeoutMinutes=30, roundTripTimeNanos=13694400, minRoundTripTimeNanos=0}
2025-04-15T01:01:12.705+03:00 DEBUG 21840 --- [stubpod] [           main] o.s.data.convert.CustomConversions       : Adding converter from class java.util.Locale to class java.lang.String as writing converter
2025-04-15T01:01:12.706+03:00 DEBUG 21840 --- [stubpod] [           main] o.s.data.convert.CustomConversions       : Adding converter from class java.lang.Character to class java.lang.String as writing converter
2025-04-15T01:01:12.706+03:00 DEBUG 21840 --- [stubpod] [           main] o.s.data.convert.CustomConversions       : Adding converter from class java.math.BigDecimal to class java.lang.String as writing converter
2025-04-15T01:01:12.706+03:00 DEBUG 21840 --- [stubpod] [           main] o.s.data.convert.CustomConversions       : Adding converter from class java.math.BigDecimal to class org.bson.types.Decimal128 as writing converter
2025-04-15T01:01:12.706+03:00 DEBUG 21840 --- [stubpod] [           main] o.s.data.convert.CustomConversions       : Adding converter from class java.lang.String to class java.math.BigDecimal as reading converter
2025-04-15T01:01:12.706+03:00 DEBUG 21840 --- [stubpod] [           main] o.s.data.convert.CustomConversions       : Adding converter from class org.bson.types.Decimal128 to class java.math.BigDecimal as reading converter
2025-04-15T01:01:12.706+03:00 DEBUG 21840 --- [stubpod] [           main] o.s.data.convert.CustomConversions       : Adding converter from class java.math.BigInteger to class java.lang.String as writing converter
2025-04-15T01:01:12.706+03:00 DEBUG 21840 --- [stubpod] [           main] o.s.data.convert.CustomConversions       : Adding converter from class java.lang.String to class java.math.BigInteger as reading converter
2025-04-15T01:01:12.706+03:00 DEBUG 21840 --- [stubpod] [           main] o.s.data.convert.CustomConversions       : Adding converter from class java.net.URL to class java.lang.String as writing converter
2025-04-15T01:01:12.706+03:00 DEBUG 21840 --- [stubpod] [           main] o.s.data.convert.CustomConversions       : Adding converter from class java.lang.String to class java.net.URL as reading converter
2025-04-15T01:01:12.706+03:00 DEBUG 21840 --- [stubpod] [           main] o.s.data.convert.CustomConversions       : Adding converter from class org.bson.Document to class java.lang.String as reading converter
2025-04-15T01:01:12.706+03:00 DEBUG 21840 --- [stubpod] [           main] o.s.data.convert.CustomConversions       : Adding converter from class org.springframework.data.mongodb.core.query.Term to class java.lang.String as writing converter
2025-04-15T01:01:12.707+03:00 DEBUG 21840 --- [stubpod] [           main] o.s.data.convert.CustomConversions       : Adding converter from class org.springframework.data.mongodb.core.script.NamedMongoScript to class org.bson.Document as writing converter
2025-04-15T01:01:12.707+03:00 DEBUG 21840 --- [stubpod] [           main] o.s.data.convert.CustomConversions       : Adding converter from class org.bson.Document to class org.springframework.data.mongodb.core.script.NamedMongoScript as reading converter
2025-04-15T01:01:12.707+03:00 DEBUG 21840 --- [stubpod] [           main] o.s.data.convert.CustomConversions       : Adding converter from class java.util.Currency to class java.lang.String as writing converter
2025-04-15T01:01:12.707+03:00 DEBUG 21840 --- [stubpod] [           main] o.s.data.convert.CustomConversions       : Adding converter from class java.lang.String to class java.util.Currency as reading converter
2025-04-15T01:01:12.707+03:00 DEBUG 21840 --- [stubpod] [           main] o.s.data.convert.CustomConversions       : Adding converter from class java.util.concurrent.atomic.AtomicInteger to class java.lang.Integer as writing converter
2025-04-15T01:01:12.707+03:00 DEBUG 21840 --- [stubpod] [           main] o.s.data.convert.CustomConversions       : Adding converter from class java.util.concurrent.atomic.AtomicLong to class java.lang.Long as writing converter
2025-04-15T01:01:12.707+03:00 DEBUG 21840 --- [stubpod] [           main] o.s.data.convert.CustomConversions       : Adding converter from class java.lang.Long to class java.util.concurrent.atomic.AtomicLong as reading converter
2025-04-15T01:01:12.707+03:00 DEBUG 21840 --- [stubpod] [           main] o.s.data.convert.CustomConversions       : Adding converter from class java.lang.Integer to class java.util.concurrent.atomic.AtomicInteger as reading converter
2025-04-15T01:01:12.707+03:00 DEBUG 21840 --- [stubpod] [           main] o.s.data.convert.CustomConversions       : Adding converter from class org.bson.types.Binary to class [B as reading converter
2025-04-15T01:01:12.707+03:00 DEBUG 21840 --- [stubpod] [           main] o.s.data.convert.CustomConversions       : Adding converter from class org.bson.BsonTimestamp to class java.time.Instant as reading converter
2025-04-15T01:01:12.707+03:00 DEBUG 21840 --- [stubpod] [           main] o.s.data.convert.CustomConversions       : Adding converter from class org.bson.BsonUndefined to class java.lang.Object as reading converter
2025-04-15T01:01:12.707+03:00 DEBUG 21840 --- [stubpod] [           main] o.s.data.convert.CustomConversions       : Adding converter from class java.net.URI to class java.lang.String as writing converter
2025-04-15T01:01:12.707+03:00 DEBUG 21840 --- [stubpod] [           main] o.s.data.convert.CustomConversions       : Adding converter from class java.lang.String to class java.net.URI as reading converter
2025-04-15T01:01:12.707+03:00 DEBUG 21840 --- [stubpod] [           main] o.s.data.convert.CustomConversions       : Adding converter from class org.springframework.data.geo.Box to class org.bson.Document as writing converter
2025-04-15T01:01:12.707+03:00 DEBUG 21840 --- [stubpod] [           main] o.s.data.convert.CustomConversions       : Adding converter from class org.springframework.data.geo.Polygon to class org.bson.Document as writing converter
2025-04-15T01:01:12.707+03:00 DEBUG 21840 --- [stubpod] [           main] o.s.data.convert.CustomConversions       : Adding converter from class org.springframework.data.geo.Circle to class org.bson.Document as writing converter
2025-04-15T01:01:12.707+03:00 DEBUG 21840 --- [stubpod] [           main] o.s.data.convert.CustomConversions       : Adding converter from class org.springframework.data.mongodb.core.geo.Sphere to class org.bson.Document as writing converter
2025-04-15T01:01:12.707+03:00 DEBUG 21840 --- [stubpod] [           main] o.s.data.convert.CustomConversions       : Adding converter from class org.bson.Document to class org.springframework.data.geo.Box as reading converter
2025-04-15T01:01:12.707+03:00 DEBUG 21840 --- [stubpod] [           main] o.s.data.convert.CustomConversions       : Adding converter from class org.bson.Document to class org.springframework.data.geo.Polygon as reading converter
2025-04-15T01:01:12.707+03:00 DEBUG 21840 --- [stubpod] [           main] o.s.data.convert.CustomConversions       : Adding converter from class org.bson.Document to class org.springframework.data.geo.Circle as reading converter
2025-04-15T01:01:12.707+03:00 DEBUG 21840 --- [stubpod] [           main] o.s.data.convert.CustomConversions       : Adding converter from class org.bson.Document to class org.springframework.data.mongodb.core.geo.Sphere as reading converter
2025-04-15T01:01:12.707+03:00 DEBUG 21840 --- [stubpod] [           main] o.s.data.convert.CustomConversions       : Adding converter from class org.bson.Document to class org.springframework.data.geo.Point as reading converter
2025-04-15T01:01:12.707+03:00 DEBUG 21840 --- [stubpod] [           main] o.s.data.convert.CustomConversions       : Adding converter from class org.springframework.data.geo.Point to class org.bson.Document as writing converter
2025-04-15T01:01:12.707+03:00 DEBUG 21840 --- [stubpod] [           main] o.s.data.convert.CustomConversions       : Adding converter from class org.springframework.data.mongodb.core.query.GeoCommand to class org.bson.Document as writing converter
2025-04-15T01:01:12.707+03:00 DEBUG 21840 --- [stubpod] [           main] o.s.data.convert.CustomConversions       : Adding converter from interface org.springframework.data.mongodb.core.geo.GeoJson to class org.bson.Document as writing converter
2025-04-15T01:01:12.707+03:00 DEBUG 21840 --- [stubpod] [           main] o.s.data.convert.CustomConversions       : Adding converter from class org.springframework.data.mongodb.core.geo.GeoJsonPoint to class org.bson.Document as writing converter
2025-04-15T01:01:12.708+03:00 DEBUG 21840 --- [stubpod] [           main] o.s.data.convert.CustomConversions       : Adding converter from class org.springframework.data.mongodb.core.geo.GeoJsonPolygon to class org.bson.Document as writing converter
2025-04-15T01:01:12.708+03:00 DEBUG 21840 --- [stubpod] [           main] o.s.data.convert.CustomConversions       : Adding converter from class org.bson.Document to class org.springframework.data.mongodb.core.geo.GeoJsonPoint as reading converter
2025-04-15T01:01:12.708+03:00 DEBUG 21840 --- [stubpod] [           main] o.s.data.convert.CustomConversions       : Adding converter from class org.bson.Document to class org.springframework.data.mongodb.core.geo.GeoJsonPolygon as reading converter
2025-04-15T01:01:12.708+03:00 DEBUG 21840 --- [stubpod] [           main] o.s.data.convert.CustomConversions       : Adding converter from class org.bson.Document to class org.springframework.data.mongodb.core.geo.GeoJsonLineString as reading converter
2025-04-15T01:01:12.708+03:00 DEBUG 21840 --- [stubpod] [           main] o.s.data.convert.CustomConversions       : Adding converter from class org.bson.Document to class org.springframework.data.mongodb.core.geo.GeoJsonMultiLineString as reading converter
2025-04-15T01:01:12.708+03:00 DEBUG 21840 --- [stubpod] [           main] o.s.data.convert.CustomConversions       : Adding converter from class org.bson.Document to class org.springframework.data.mongodb.core.geo.GeoJsonMultiPoint as reading converter
2025-04-15T01:01:12.708+03:00 DEBUG 21840 --- [stubpod] [           main] o.s.data.convert.CustomConversions       : Adding converter from class org.bson.Document to class org.springframework.data.mongodb.core.geo.GeoJsonMultiPolygon as reading converter
2025-04-15T01:01:12.708+03:00 DEBUG 21840 --- [stubpod] [           main] o.s.data.convert.CustomConversions       : Adding converter from class org.bson.Document to class org.springframework.data.mongodb.core.geo.GeoJsonGeometryCollection as reading converter
2025-04-15T01:01:12.708+03:00 DEBUG 21840 --- [stubpod] [           main] o.s.data.convert.CustomConversions       : Adding converter from class org.bson.Document to interface org.springframework.data.mongodb.core.geo.GeoJson as reading converter
2025-04-15T01:01:12.708+03:00 DEBUG 21840 --- [stubpod] [           main] o.s.data.convert.CustomConversions       : Adding converter from class java.util.Date to class java.time.LocalDateTime as reading converter
2025-04-15T01:01:12.708+03:00 DEBUG 21840 --- [stubpod] [           main] o.s.data.convert.CustomConversions       : Adding converter from class java.time.LocalDateTime to class java.util.Date as writing converter
2025-04-15T01:01:12.708+03:00 DEBUG 21840 --- [stubpod] [           main] o.s.data.convert.CustomConversions       : Adding converter from class java.util.Date to class java.time.LocalDate as reading converter
2025-04-15T01:01:12.708+03:00 DEBUG 21840 --- [stubpod] [           main] o.s.data.convert.CustomConversions       : Adding converter from class java.time.LocalDate to class java.util.Date as writing converter
2025-04-15T01:01:12.708+03:00 DEBUG 21840 --- [stubpod] [           main] o.s.data.convert.CustomConversions       : Adding converter from class java.util.Date to class java.time.LocalTime as reading converter
2025-04-15T01:01:12.708+03:00 DEBUG 21840 --- [stubpod] [           main] o.s.data.convert.CustomConversions       : Adding converter from class java.time.LocalTime to class java.util.Date as writing converter
2025-04-15T01:01:12.708+03:00 DEBUG 21840 --- [stubpod] [           main] o.s.data.convert.CustomConversions       : Adding converter from class java.util.Date to class java.time.Instant as reading converter
2025-04-15T01:01:12.708+03:00 DEBUG 21840 --- [stubpod] [           main] o.s.data.convert.CustomConversions       : Adding converter from class java.time.Instant to class java.util.Date as writing converter
2025-04-15T01:01:12.708+03:00 DEBUG 21840 --- [stubpod] [           main] o.s.data.convert.CustomConversions       : Skipping converter from class java.time.LocalDateTime to class java.time.Instant as reading converter class java.time.LocalDateTime is not a store supported simple type
2025-04-15T01:01:12.708+03:00 DEBUG 21840 --- [stubpod] [           main] o.s.data.convert.CustomConversions       : Skipping converter from class java.time.Instant to class java.time.LocalDateTime as reading converter class java.time.Instant is not a store supported simple type
2025-04-15T01:01:12.708+03:00 DEBUG 21840 --- [stubpod] [           main] o.s.data.convert.CustomConversions       : Adding converter from class java.time.ZoneId to class java.lang.String as writing converter
2025-04-15T01:01:12.708+03:00 DEBUG 21840 --- [stubpod] [           main] o.s.data.convert.CustomConversions       : Adding converter from class java.lang.String to class java.time.ZoneId as reading converter
2025-04-15T01:01:12.708+03:00 DEBUG 21840 --- [stubpod] [           main] o.s.data.convert.CustomConversions       : Adding converter from class java.time.Duration to class java.lang.String as writing converter
2025-04-15T01:01:12.708+03:00 DEBUG 21840 --- [stubpod] [           main] o.s.data.convert.CustomConversions       : Adding converter from class java.lang.String to class java.time.Duration as reading converter
2025-04-15T01:01:12.708+03:00 DEBUG 21840 --- [stubpod] [           main] o.s.data.convert.CustomConversions       : Adding converter from class java.time.Period to class java.lang.String as writing converter
2025-04-15T01:01:12.708+03:00 DEBUG 21840 --- [stubpod] [           main] o.s.data.convert.CustomConversions       : Adding converter from class java.lang.String to class java.time.Period as reading converter
2025-04-15T01:01:12.708+03:00 DEBUG 21840 --- [stubpod] [           main] o.s.data.convert.CustomConversions       : Adding converter from class java.lang.String to class java.time.LocalDate as reading converter
2025-04-15T01:01:12.708+03:00 DEBUG 21840 --- [stubpod] [           main] o.s.data.convert.CustomConversions       : Adding converter from class java.lang.String to class java.time.LocalDateTime as reading converter
2025-04-15T01:01:12.709+03:00 DEBUG 21840 --- [stubpod] [           main] o.s.data.convert.CustomConversions       : Adding converter from class java.lang.String to class java.time.Instant as reading converter
2025-04-15T01:01:12.710+03:00 DEBUG 21840 --- [stubpod] [           main] o.s.b.f.s.DefaultListableBeanFactory     : Creating shared instance of singleton bean 'mongoManagedTypes'
2025-04-15T01:01:12.710+03:00 DEBUG 21840 --- [stubpod] [           main] o.s.b.f.s.DefaultListableBeanFactory     : Autowiring by type from bean name 'mongoManagedTypes' via factory method to bean named 'org.springframework.web.context.support.GenericWebApplicationContext@5a6d5a8f'
2025-04-15T01:01:12.712+03:00 DEBUG 21840 --- [stubpod] [           main] ssPathScanningCandidateComponentProvider : Identified candidate component class: file [C:\Users\asher\git\kubernetes\services\stubpod\target\classes\com\stuby\stubpod\repository\entity\StubResponseEntity.class]
2025-04-15T01:01:12.713+03:00 DEBUG 21840 --- [stubpod] [           main] o.s.b.f.s.DefaultListableBeanFactory     : Autowiring by type from bean name 'mongoMappingContext' via factory method to bean named 'spring.data.mongodb-org.springframework.boot.autoconfigure.mongo.MongoProperties'
2025-04-15T01:01:12.713+03:00 DEBUG 21840 --- [stubpod] [           main] o.s.b.f.s.DefaultListableBeanFactory     : Autowiring by type from bean name 'mongoMappingContext' via factory method to bean named 'mongoCustomConversions'
2025-04-15T01:01:12.713+03:00 DEBUG 21840 --- [stubpod] [           main] o.s.b.f.s.DefaultListableBeanFactory     : Autowiring by type from bean name 'mongoMappingContext' via factory method to bean named 'mongoManagedTypes'
2025-04-15T01:01:12.741+03:00 DEBUG 21840 --- [stubpod] [           main] o.s.b.f.s.DefaultListableBeanFactory     : Creating shared instance of singleton bean 'startupTimeMetrics'
2025-04-15T01:01:12.741+03:00 DEBUG 21840 --- [stubpod] [           main] o.s.b.f.s.DefaultListableBeanFactory     : Creating shared instance of singleton bean 'org.springframework.boot.actuate.autoconfigure.metrics.startup.StartupTimeMetricsListenerAutoConfiguration'
2025-04-15T01:01:12.741+03:00 DEBUG 21840 --- [stubpod] [           main] o.s.b.f.s.DefaultListableBeanFactory     : Autowiring by type from bean name 'startupTimeMetrics' via factory method to bean named 'simpleMeterRegistry'
2025-04-15T01:01:12.742+03:00 DEBUG 21840 --- [stubpod] [           main] o.s.b.f.s.DefaultListableBeanFactory     : Autowiring by type from bean name 'mappingMongoConverter' via factory method to bean named 'mongoMappingContext'
2025-04-15T01:01:12.742+03:00 DEBUG 21840 --- [stubpod] [           main] o.s.b.f.s.DefaultListableBeanFactory     : Autowiring by type from bean name 'mappingMongoConverter' via factory method to bean named 'mongoCustomConversions'
2025-04-15T01:01:12.746+03:00 DEBUG 21840 --- [stubpod] [           main] o.s.data.convert.CustomConversions       : Adding converter from class java.util.Locale to class java.lang.String as writing converter
2025-04-15T01:01:12.746+03:00 DEBUG 21840 --- [stubpod] [           main] o.s.data.convert.CustomConversions       : Adding converter from class java.lang.Character to class java.lang.String as writing converter
2025-04-15T01:01:12.746+03:00 DEBUG 21840 --- [stubpod] [           main] o.s.data.convert.CustomConversions       : Adding converter from class java.math.BigDecimal to class java.lang.String as writing converter
2025-04-15T01:01:12.746+03:00 DEBUG 21840 --- [stubpod] [           main] o.s.data.convert.CustomConversions       : Adding converter from class java.math.BigDecimal to class org.bson.types.Decimal128 as writing converter
2025-04-15T01:01:12.746+03:00 DEBUG 21840 --- [stubpod] [           main] o.s.data.convert.CustomConversions       : Adding converter from class java.lang.String to class java.math.BigDecimal as reading converter
2025-04-15T01:01:12.746+03:00 DEBUG 21840 --- [stubpod] [           main] o.s.data.convert.CustomConversions       : Adding converter from class org.bson.types.Decimal128 to class java.math.BigDecimal as reading converter
2025-04-15T01:01:12.746+03:00 DEBUG 21840 --- [stubpod] [           main] o.s.data.convert.CustomConversions       : Adding converter from class java.math.BigInteger to class java.lang.String as writing converter
2025-04-15T01:01:12.746+03:00 DEBUG 21840 --- [stubpod] [           main] o.s.data.convert.CustomConversions       : Adding converter from class java.lang.String to class java.math.BigInteger as reading converter
2025-04-15T01:01:12.746+03:00 DEBUG 21840 --- [stubpod] [           main] o.s.data.convert.CustomConversions       : Adding converter from class java.net.URL to class java.lang.String as writing converter
2025-04-15T01:01:12.746+03:00 DEBUG 21840 --- [stubpod] [           main] o.s.data.convert.CustomConversions       : Adding converter from class java.lang.String to class java.net.URL as reading converter
2025-04-15T01:01:12.746+03:00 DEBUG 21840 --- [stubpod] [           main] o.s.data.convert.CustomConversions       : Adding converter from class org.bson.Document to class java.lang.String as reading converter
2025-04-15T01:01:12.746+03:00 DEBUG 21840 --- [stubpod] [           main] o.s.data.convert.CustomConversions       : Adding converter from class org.springframework.data.mongodb.core.query.Term to class java.lang.String as writing converter
2025-04-15T01:01:12.746+03:00 DEBUG 21840 --- [stubpod] [           main] o.s.data.convert.CustomConversions       : Adding converter from class org.springframework.data.mongodb.core.script.NamedMongoScript to class org.bson.Document as writing converter
2025-04-15T01:01:12.746+03:00 DEBUG 21840 --- [stubpod] [           main] o.s.data.convert.CustomConversions       : Adding converter from class org.bson.Document to class org.springframework.data.mongodb.core.script.NamedMongoScript as reading converter
2025-04-15T01:01:12.746+03:00 DEBUG 21840 --- [stubpod] [           main] o.s.data.convert.CustomConversions       : Adding converter from class java.util.Currency to class java.lang.String as writing converter
2025-04-15T01:01:12.746+03:00 DEBUG 21840 --- [stubpod] [           main] o.s.data.convert.CustomConversions       : Adding converter from class java.lang.String to class java.util.Currency as reading converter
2025-04-15T01:01:12.746+03:00 DEBUG 21840 --- [stubpod] [           main] o.s.data.convert.CustomConversions       : Adding converter from class java.util.concurrent.atomic.AtomicInteger to class java.lang.Integer as writing converter
2025-04-15T01:01:12.746+03:00 DEBUG 21840 --- [stubpod] [           main] o.s.data.convert.CustomConversions       : Adding converter from class java.util.concurrent.atomic.AtomicLong to class java.lang.Long as writing converter
2025-04-15T01:01:12.746+03:00 DEBUG 21840 --- [stubpod] [           main] o.s.data.convert.CustomConversions       : Adding converter from class java.lang.Long to class java.util.concurrent.atomic.AtomicLong as reading converter
2025-04-15T01:01:12.746+03:00 DEBUG 21840 --- [stubpod] [           main] o.s.data.convert.CustomConversions       : Adding converter from class java.lang.Integer to class java.util.concurrent.atomic.AtomicInteger as reading converter
2025-04-15T01:01:12.746+03:00 DEBUG 21840 --- [stubpod] [           main] o.s.data.convert.CustomConversions       : Adding converter from class org.bson.types.Binary to class [B as reading converter
2025-04-15T01:01:12.746+03:00 DEBUG 21840 --- [stubpod] [           main] o.s.data.convert.CustomConversions       : Adding converter from class org.bson.BsonTimestamp to class java.time.Instant as reading converter
2025-04-15T01:01:12.747+03:00 DEBUG 21840 --- [stubpod] [           main] o.s.data.convert.CustomConversions       : Adding converter from class org.bson.BsonUndefined to class java.lang.Object as reading converter
2025-04-15T01:01:12.747+03:00 DEBUG 21840 --- [stubpod] [           main] o.s.data.convert.CustomConversions       : Adding converter from class java.net.URI to class java.lang.String as writing converter
2025-04-15T01:01:12.747+03:00 DEBUG 21840 --- [stubpod] [           main] o.s.data.convert.CustomConversions       : Adding converter from class java.lang.String to class java.net.URI as reading converter
2025-04-15T01:01:12.747+03:00 DEBUG 21840 --- [stubpod] [           main] o.s.data.convert.CustomConversions       : Adding converter from class org.springframework.data.geo.Box to class org.bson.Document as writing converter
2025-04-15T01:01:12.747+03:00 DEBUG 21840 --- [stubpod] [           main] o.s.data.convert.CustomConversions       : Adding converter from class org.springframework.data.geo.Polygon to class org.bson.Document as writing converter
2025-04-15T01:01:12.747+03:00 DEBUG 21840 --- [stubpod] [           main] o.s.data.convert.CustomConversions       : Adding converter from class org.springframework.data.geo.Circle to class org.bson.Document as writing converter
2025-04-15T01:01:12.747+03:00 DEBUG 21840 --- [stubpod] [           main] o.s.data.convert.CustomConversions       : Adding converter from class org.springframework.data.mongodb.core.geo.Sphere to class org.bson.Document as writing converter
2025-04-15T01:01:12.747+03:00 DEBUG 21840 --- [stubpod] [           main] o.s.data.convert.CustomConversions       : Adding converter from class org.bson.Document to class org.springframework.data.geo.Box as reading converter
2025-04-15T01:01:12.747+03:00 DEBUG 21840 --- [stubpod] [           main] o.s.data.convert.CustomConversions       : Adding converter from class org.bson.Document to class org.springframework.data.geo.Polygon as reading converter
2025-04-15T01:01:12.747+03:00 DEBUG 21840 --- [stubpod] [           main] o.s.data.convert.CustomConversions       : Adding converter from class org.bson.Document to class org.springframework.data.geo.Circle as reading converter
2025-04-15T01:01:12.747+03:00 DEBUG 21840 --- [stubpod] [           main] o.s.data.convert.CustomConversions       : Adding converter from class org.bson.Document to class org.springframework.data.mongodb.core.geo.Sphere as reading converter
2025-04-15T01:01:12.747+03:00 DEBUG 21840 --- [stubpod] [           main] o.s.data.convert.CustomConversions       : Adding converter from class org.bson.Document to class org.springframework.data.geo.Point as reading converter
2025-04-15T01:01:12.747+03:00 DEBUG 21840 --- [stubpod] [           main] o.s.data.convert.CustomConversions       : Adding converter from class org.springframework.data.geo.Point to class org.bson.Document as writing converter
2025-04-15T01:01:12.747+03:00 DEBUG 21840 --- [stubpod] [           main] o.s.data.convert.CustomConversions       : Adding converter from class org.springframework.data.mongodb.core.query.GeoCommand to class org.bson.Document as writing converter
2025-04-15T01:01:12.747+03:00 DEBUG 21840 --- [stubpod] [           main] o.s.data.convert.CustomConversions       : Adding converter from interface org.springframework.data.mongodb.core.geo.GeoJson to class org.bson.Document as writing converter
2025-04-15T01:01:12.747+03:00 DEBUG 21840 --- [stubpod] [           main] o.s.data.convert.CustomConversions       : Adding converter from class org.springframework.data.mongodb.core.geo.GeoJsonPoint to class org.bson.Document as writing converter
2025-04-15T01:01:12.747+03:00 DEBUG 21840 --- [stubpod] [           main] o.s.data.convert.CustomConversions       : Adding converter from class org.springframework.data.mongodb.core.geo.GeoJsonPolygon to class org.bson.Document as writing converter
2025-04-15T01:01:12.747+03:00 DEBUG 21840 --- [stubpod] [           main] o.s.data.convert.CustomConversions       : Adding converter from class org.bson.Document to class org.springframework.data.mongodb.core.geo.GeoJsonPoint as reading converter
2025-04-15T01:01:12.747+03:00 DEBUG 21840 --- [stubpod] [           main] o.s.data.convert.CustomConversions       : Adding converter from class org.bson.Document to class org.springframework.data.mongodb.core.geo.GeoJsonPolygon as reading converter
2025-04-15T01:01:12.747+03:00 DEBUG 21840 --- [stubpod] [           main] o.s.data.convert.CustomConversions       : Adding converter from class org.bson.Document to class org.springframework.data.mongodb.core.geo.GeoJsonLineString as reading converter
2025-04-15T01:01:12.748+03:00 DEBUG 21840 --- [stubpod] [           main] o.s.data.convert.CustomConversions       : Adding converter from class org.bson.Document to class org.springframework.data.mongodb.core.geo.GeoJsonMultiLineString as reading converter
2025-04-15T01:01:12.748+03:00 DEBUG 21840 --- [stubpod] [           main] o.s.data.convert.CustomConversions       : Adding converter from class org.bson.Document to class org.springframework.data.mongodb.core.geo.GeoJsonMultiPoint as reading converter
2025-04-15T01:01:12.748+03:00 DEBUG 21840 --- [stubpod] [           main] o.s.data.convert.CustomConversions       : Adding converter from class org.bson.Document to class org.springframework.data.mongodb.core.geo.GeoJsonMultiPolygon as reading converter
2025-04-15T01:01:12.748+03:00 DEBUG 21840 --- [stubpod] [           main] o.s.data.convert.CustomConversions       : Adding converter from class org.bson.Document to class org.springframework.data.mongodb.core.geo.GeoJsonGeometryCollection as reading converter
2025-04-15T01:01:12.748+03:00 DEBUG 21840 --- [stubpod] [           main] o.s.data.convert.CustomConversions       : Adding converter from class org.bson.Document to interface org.springframework.data.mongodb.core.geo.GeoJson as reading converter
2025-04-15T01:01:12.748+03:00 DEBUG 21840 --- [stubpod] [           main] o.s.data.convert.CustomConversions       : Adding converter from class java.util.Date to class java.time.LocalDateTime as reading converter
2025-04-15T01:01:12.748+03:00 DEBUG 21840 --- [stubpod] [           main] o.s.data.convert.CustomConversions       : Adding converter from class java.time.LocalDateTime to class java.util.Date as writing converter
2025-04-15T01:01:12.748+03:00 DEBUG 21840 --- [stubpod] [           main] o.s.data.convert.CustomConversions       : Adding converter from class java.util.Date to class java.time.LocalDate as reading converter
2025-04-15T01:01:12.748+03:00 DEBUG 21840 --- [stubpod] [           main] o.s.data.convert.CustomConversions       : Adding converter from class java.time.LocalDate to class java.util.Date as writing converter
2025-04-15T01:01:12.748+03:00 DEBUG 21840 --- [stubpod] [           main] o.s.data.convert.CustomConversions       : Adding converter from class java.util.Date to class java.time.LocalTime as reading converter
2025-04-15T01:01:12.748+03:00 DEBUG 21840 --- [stubpod] [           main] o.s.data.convert.CustomConversions       : Adding converter from class java.time.LocalTime to class java.util.Date as writing converter
2025-04-15T01:01:12.748+03:00 DEBUG 21840 --- [stubpod] [           main] o.s.data.convert.CustomConversions       : Adding converter from class java.util.Date to class java.time.Instant as reading converter
2025-04-15T01:01:12.748+03:00 DEBUG 21840 --- [stubpod] [           main] o.s.data.convert.CustomConversions       : Adding converter from class java.time.Instant to class java.util.Date as writing converter
2025-04-15T01:01:12.748+03:00 DEBUG 21840 --- [stubpod] [           main] o.s.data.convert.CustomConversions       : Skipping converter from class java.time.LocalDateTime to class java.time.Instant as reading converter class java.time.LocalDateTime is not a store supported simple type
2025-04-15T01:01:12.748+03:00 DEBUG 21840 --- [stubpod] [           main] o.s.data.convert.CustomConversions       : Skipping converter from class java.time.Instant to class java.time.LocalDateTime as reading converter class java.time.Instant is not a store supported simple type
2025-04-15T01:01:12.748+03:00 DEBUG 21840 --- [stubpod] [           main] o.s.data.convert.CustomConversions       : Adding converter from class java.time.ZoneId to class java.lang.String as writing converter
2025-04-15T01:01:12.748+03:00 DEBUG 21840 --- [stubpod] [           main] o.s.data.convert.CustomConversions       : Adding converter from class java.lang.String to class java.time.ZoneId as reading converter
2025-04-15T01:01:12.748+03:00 DEBUG 21840 --- [stubpod] [           main] o.s.data.convert.CustomConversions       : Adding converter from class java.time.Duration to class java.lang.String as writing converter
2025-04-15T01:01:12.748+03:00 DEBUG 21840 --- [stubpod] [           main] o.s.data.convert.CustomConversions       : Adding converter from class java.lang.String to class java.time.Duration as reading converter
2025-04-15T01:01:12.748+03:00 DEBUG 21840 --- [stubpod] [           main] o.s.data.convert.CustomConversions       : Adding converter from class java.time.Period to class java.lang.String as writing converter
2025-04-15T01:01:12.748+03:00 DEBUG 21840 --- [stubpod] [           main] o.s.data.convert.CustomConversions       : Adding converter from class java.lang.String to class java.time.Period as reading converter
2025-04-15T01:01:12.748+03:00 DEBUG 21840 --- [stubpod] [           main] o.s.data.convert.CustomConversions       : Adding converter from class java.lang.String to class java.time.LocalDate as reading converter
2025-04-15T01:01:12.748+03:00 DEBUG 21840 --- [stubpod] [           main] o.s.data.convert.CustomConversions       : Adding converter from class java.lang.String to class java.time.LocalDateTime as reading converter
2025-04-15T01:01:12.748+03:00 DEBUG 21840 --- [stubpod] [           main] o.s.data.convert.CustomConversions       : Adding converter from class java.lang.String to class java.time.Instant as reading converter
2025-04-15T01:01:12.759+03:00 DEBUG 21840 --- [stubpod] [           main] o.s.b.f.s.DefaultListableBeanFactory     : Autowiring by type from bean name 'mongoTemplate' via factory method to bean named 'mongoDatabaseFactory'
2025-04-15T01:01:12.759+03:00 DEBUG 21840 --- [stubpod] [           main] o.s.b.f.s.DefaultListableBeanFactory     : Autowiring by type from bean name 'mongoTemplate' via factory method to bean named 'mappingMongoConverter'
2025-04-15T01:01:12.778+03:00 DEBUG 21840 --- [stubpod] [           main] o.s.b.f.s.DefaultListableBeanFactory     : Creating shared instance of singleton bean 'metricsRepositoryMethodInvocationListener'
2025-04-15T01:01:12.778+03:00 DEBUG 21840 --- [stubpod] [           main] o.s.b.f.s.DefaultListableBeanFactory     : Creating shared instance of singleton bean 'org.springframework.boot.actuate.autoconfigure.metrics.data.RepositoryMetricsAutoConfiguration'
2025-04-15T01:01:12.778+03:00 DEBUG 21840 --- [stubpod] [           main] o.s.b.f.s.DefaultListableBeanFactory     : Autowiring by type from bean name 'org.springframework.boot.actuate.autoconfigure.metrics.data.RepositoryMetricsAutoConfiguration' via constructor to bean named 'management.metrics-org.springframework.boot.actuate.autoconfigure.metrics.MetricsProperties'
2025-04-15T01:01:12.779+03:00 DEBUG 21840 --- [stubpod] [           main] o.s.b.f.s.DefaultListableBeanFactory     : Creating shared instance of singleton bean 'repositoryTagsProvider'
2025-04-15T01:01:12.779+03:00 DEBUG 21840 --- [stubpod] [           main] o.s.b.f.s.DefaultListableBeanFactory     : Autowiring by type from bean name 'metricsRepositoryMethodInvocationListener' via factory method to bean named 'repositoryTagsProvider'
2025-04-15T01:01:12.781+03:00 DEBUG 21840 --- [stubpod] [           main] o.s.d.r.c.s.RepositoryFactorySupport     : Initializing repository instance for com.stuby.stubpod.repository.StubRepository…
2025-04-15T01:01:12.798+03:00 DEBUG 21840 --- [stubpod] [           main] o.s.d.r.c.s.RepositoryFactorySupport     : Finished creation of repository instance for com.stuby.stubpod.repository.StubRepository.
2025-04-15T01:01:12.799+03:00 DEBUG 21840 --- [stubpod] [           main] o.s.b.f.s.DefaultListableBeanFactory     : Autowiring by type from bean name 'setStubResponseService' via constructor to bean named 'stubRepository'
2025-04-15T01:01:12.799+03:00 DEBUG 21840 --- [stubpod] [           main] o.s.b.f.s.DefaultListableBeanFactory     : Autowiring by type from bean name 'apiController' via constructor to bean named 'spinUpService'
2025-04-15T01:01:12.799+03:00 DEBUG 21840 --- [stubpod] [           main] o.s.b.f.s.DefaultListableBeanFactory     : Autowiring by type from bean name 'apiController' via constructor to bean named 'getServicesService'
2025-04-15T01:01:12.799+03:00 DEBUG 21840 --- [stubpod] [           main] o.s.b.f.s.DefaultListableBeanFactory     : Autowiring by type from bean name 'apiController' via constructor to bean named 'setStubResponseService'
2025-04-15T01:01:12.799+03:00 DEBUG 21840 --- [stubpod] [           main] o.s.b.f.s.DefaultListableBeanFactory     : Creating shared instance of singleton bean 'stubController'
2025-04-15T01:01:12.800+03:00 DEBUG 21840 --- [stubpod] [           main] o.s.b.f.s.DefaultListableBeanFactory     : Creating shared instance of singleton bean 'fetchStubResponseService'
2025-04-15T01:01:12.800+03:00 DEBUG 21840 --- [stubpod] [           main] o.s.b.f.s.DefaultListableBeanFactory     : Autowiring by type from bean name 'fetchStubResponseService' via constructor to bean named 'stubRepository'
2025-04-15T01:01:12.800+03:00 DEBUG 21840 --- [stubpod] [           main] o.s.b.f.s.DefaultListableBeanFactory     : Autowiring by type from bean name 'stubController' via constructor to bean named 'fetchStubResponseService'
2025-04-15T01:01:12.800+03:00 DEBUG 21840 --- [stubpod] [           main] o.s.b.f.s.DefaultListableBeanFactory     : Creating shared instance of singleton bean 'org.springframework.boot.autoconfigure.context.PropertyPlaceholderAutoConfiguration'
2025-04-15T01:01:12.801+03:00 DEBUG 21840 --- [stubpod] [           main] o.s.b.f.s.DefaultListableBeanFactory     : Creating shared instance of singleton bean 'org.springframework.boot.context.properties.EnableConfigurationPropertiesRegistrar.methodValidationExcludeFilter'
2025-04-15T01:01:12.802+03:00 DEBUG 21840 --- [stubpod] [           main] o.s.b.f.s.DefaultListableBeanFactory     : Creating shared instance of singleton bean 'org.springframework.boot.autoconfigure.websocket.servlet.WebSocketServletAutoConfiguration$TomcatWebSocketConfiguration'
2025-04-15T01:01:12.802+03:00 DEBUG 21840 --- [stubpod] [           main] o.s.b.f.s.DefaultListableBeanFactory     : Creating shared instance of singleton bean 'websocketServletWebServerCustomizer'
2025-04-15T01:01:12.803+03:00 DEBUG 21840 --- [stubpod] [           main] o.s.b.f.s.DefaultListableBeanFactory     : Creating shared instance of singleton bean 'org.springframework.boot.autoconfigure.websocket.servlet.WebSocketServletAutoConfiguration'
2025-04-15T01:01:12.803+03:00 DEBUG 21840 --- [stubpod] [           main] o.s.b.f.s.DefaultListableBeanFactory     : Creating shared instance of singleton bean 'org.springframework.boot.autoconfigure.web.servlet.ServletWebServerFactoryConfiguration$EmbeddedTomcat'
2025-04-15T01:01:12.803+03:00 DEBUG 21840 --- [stubpod] [           main] o.s.b.f.s.DefaultListableBeanFactory     : Creating shared instance of singleton bean 'tomcatServletWebServerFactory'
2025-04-15T01:01:12.812+03:00 DEBUG 21840 --- [stubpod] [           main] o.s.b.f.s.DefaultListableBeanFactory     : Creating shared instance of singleton bean 'servletWebServerFactoryCustomizer'
2025-04-15T01:01:12.812+03:00 DEBUG 21840 --- [stubpod] [           main] o.s.b.f.s.DefaultListableBeanFactory     : Creating shared instance of singleton bean 'org.springframework.boot.autoconfigure.web.servlet.ServletWebServerFactoryAutoConfiguration'
2025-04-15T01:01:12.813+03:00 DEBUG 21840 --- [stubpod] [           main] o.s.b.f.s.DefaultListableBeanFactory     : Creating shared instance of singleton bean 'server-org.springframework.boot.autoconfigure.web.ServerProperties'
2025-04-15T01:01:12.816+03:00 DEBUG 21840 --- [stubpod] [           main] o.s.b.f.s.DefaultListableBeanFactory     : Autowiring by type from bean name 'servletWebServerFactoryCustomizer' via factory method to bean named 'server-org.springframework.boot.autoconfigure.web.ServerProperties'
2025-04-15T01:01:12.817+03:00 DEBUG 21840 --- [stubpod] [           main] o.s.b.f.s.DefaultListableBeanFactory     : Creating shared instance of singleton bean 'tomcatServletWebServerFactoryCustomizer'
2025-04-15T01:01:12.817+03:00 DEBUG 21840 --- [stubpod] [           main] o.s.b.f.s.DefaultListableBeanFactory     : Autowiring by type from bean name 'tomcatServletWebServerFactoryCustomizer' via factory method to bean named 'server-org.springframework.boot.autoconfigure.web.ServerProperties'
2025-04-15T01:01:12.817+03:00 DEBUG 21840 --- [stubpod] [           main] o.s.b.f.s.DefaultListableBeanFactory     : Creating shared instance of singleton bean 'localeCharsetMappingsCustomizer'
2025-04-15T01:01:12.817+03:00 DEBUG 21840 --- [stubpod] [           main] o.s.b.f.s.DefaultListableBeanFactory     : Creating shared instance of singleton bean 'org.springframework.boot.autoconfigure.web.servlet.HttpEncodingAutoConfiguration'
2025-04-15T01:01:12.818+03:00 DEBUG 21840 --- [stubpod] [           main] o.s.b.f.s.DefaultListableBeanFactory     : Autowiring by type from bean name 'org.springframework.boot.autoconfigure.web.servlet.HttpEncodingAutoConfiguration' via constructor to bean named 'server-org.springframework.boot.autoconfigure.web.ServerProperties'
2025-04-15T01:01:12.826+03:00 DEBUG 21840 --- [stubpod] [           main] o.s.b.f.s.DefaultListableBeanFactory     : Creating shared instance of singleton bean 'errorPageCustomizer'
2025-04-15T01:01:12.826+03:00 DEBUG 21840 --- [stubpod] [           main] o.s.b.f.s.DefaultListableBeanFactory     : Creating shared instance of singleton bean 'org.springframework.boot.autoconfigure.web.servlet.error.ErrorMvcAutoConfiguration'
2025-04-15T01:01:12.826+03:00 DEBUG 21840 --- [stubpod] [           main] o.s.b.f.s.DefaultListableBeanFactory     : Autowiring by type from bean name 'org.springframework.boot.autoconfigure.web.servlet.error.ErrorMvcAutoConfiguration' via constructor to bean named 'server-org.springframework.boot.autoconfigure.web.ServerProperties'
2025-04-15T01:01:12.827+03:00 DEBUG 21840 --- [stubpod] [           main] o.s.b.f.s.DefaultListableBeanFactory     : Creating shared instance of singleton bean 'dispatcherServletRegistration'
2025-04-15T01:01:12.827+03:00 DEBUG 21840 --- [stubpod] [           main] o.s.b.f.s.DefaultListableBeanFactory     : Creating shared instance of singleton bean 'org.springframework.boot.autoconfigure.web.servlet.DispatcherServletAutoConfiguration$DispatcherServletRegistrationConfiguration'
2025-04-15T01:01:12.827+03:00 DEBUG 21840 --- [stubpod] [           main] o.s.b.f.s.DefaultListableBeanFactory     : Creating shared instance of singleton bean 'dispatcherServlet'
2025-04-15T01:01:12.827+03:00 DEBUG 21840 --- [stubpod] [           main] o.s.b.f.s.DefaultListableBeanFactory     : Creating shared instance of singleton bean 'org.springframework.boot.autoconfigure.web.servlet.DispatcherServletAutoConfiguration$DispatcherServletConfiguration'
2025-04-15T01:01:12.828+03:00 DEBUG 21840 --- [stubpod] [           main] o.s.b.f.s.DefaultListableBeanFactory     : Creating shared instance of singleton bean 'spring.mvc-org.springframework.boot.autoconfigure.web.servlet.WebMvcProperties'
2025-04-15T01:01:12.829+03:00 DEBUG 21840 --- [stubpod] [           main] o.s.b.f.s.DefaultListableBeanFactory     : Autowiring by type from bean name 'dispatcherServlet' via factory method to bean named 'spring.mvc-org.springframework.boot.autoconfigure.web.servlet.WebMvcProperties'
2025-04-15T01:01:12.834+03:00 DEBUG 21840 --- [stubpod] [           main] o.s.b.f.s.DefaultListableBeanFactory     : Autowiring by type from bean name 'dispatcherServletRegistration' via factory method to bean named 'dispatcherServlet'
2025-04-15T01:01:12.834+03:00 DEBUG 21840 --- [stubpod] [           main] o.s.b.f.s.DefaultListableBeanFactory     : Autowiring by type from bean name 'dispatcherServletRegistration' via factory method to bean named 'spring.mvc-org.springframework.boot.autoconfigure.web.servlet.WebMvcProperties'
2025-04-15T01:01:12.835+03:00 DEBUG 21840 --- [stubpod] [           main] o.s.b.f.s.DefaultListableBeanFactory     : Creating shared instance of singleton bean 'multipartConfigElement'
2025-04-15T01:01:12.835+03:00 DEBUG 21840 --- [stubpod] [           main] o.s.b.f.s.DefaultListableBeanFactory     : Creating shared instance of singleton bean 'org.springframework.boot.autoconfigure.web.servlet.MultipartAutoConfiguration'
2025-04-15T01:01:12.836+03:00 DEBUG 21840 --- [stubpod] [           main] o.s.b.f.s.DefaultListableBeanFactory     : Creating shared instance of singleton bean 'spring.servlet.multipart-org.springframework.boot.autoconfigure.web.servlet.MultipartProperties'
2025-04-15T01:01:12.839+03:00 DEBUG 21840 --- [stubpod] [           main] o.s.b.f.s.DefaultListableBeanFactory     : Autowiring by type from bean name 'org.springframework.boot.autoconfigure.web.servlet.MultipartAutoConfiguration' via constructor to bean named 'spring.servlet.multipart-org.springframework.boot.autoconfigure.web.servlet.MultipartProperties'
2025-04-15T01:01:12.842+03:00 DEBUG 21840 --- [stubpod] [           main] o.s.b.f.s.DefaultListableBeanFactory     : Autowiring by type from bean name 'errorPageCustomizer' via factory method to bean named 'dispatcherServletRegistration'
2025-04-15T01:01:12.843+03:00 DEBUG 21840 --- [stubpod] [           main] o.s.b.f.s.DefaultListableBeanFactory     : Creating shared instance of singleton bean 'org.springframework.boot.autoconfigure.web.servlet.DispatcherServletAutoConfiguration'
2025-04-15T01:01:12.843+03:00 DEBUG 21840 --- [stubpod] [           main] o.s.b.f.s.DefaultListableBeanFactory     : Creating shared instance of singleton bean 'org.springframework.boot.autoconfigure.task.TaskExecutorConfigurations$ThreadPoolTaskExecutorBuilderConfiguration'
2025-04-15T01:01:12.843+03:00 DEBUG 21840 --- [stubpod] [           main] o.s.b.f.s.DefaultListableBeanFactory     : Creating shared instance of singleton bean 'threadPoolTaskExecutorBuilder'
[...]

   SecurityAutoConfiguration:
      Did not match:
         - @ConditionalOnClass did not find required class 'org.springframework.security.authentication.DefaultAuthenticationEventPublisher' (OnClassCondition)

   SecurityFilterAutoConfiguration:
      Did not match:
         - @ConditionalOnClass did not find required class 'org.springframework.security.config.http.SessionCreationPolicy' (OnClassCondition)

   SecurityRequestMatchersManagementContextConfiguration:
      Did not match:
         - @ConditionalOnClass did not find required class 'org.springframework.security.web.util.matcher.RequestMatcher' (OnClassCondition)

   SendGridAutoConfiguration:
      Did not match:
         - @ConditionalOnClass did not find required class 'com.sendgrid.SendGrid' (OnClassCondition)

   ServletEndpointManagementContextConfiguration.JerseyServletEndpointManagementContextConfiguration:
      Did not match:
         - @ConditionalOnClass did not find required class 'org.glassfish.jersey.server.ResourceConfig' (OnClassCondition)

   ServletManagementContextAutoConfiguration.ApplicationContextFilterConfiguration:
      Did not match:
         - @ConditionalOnProperty (management.server.add-application-context-header=true) did not find property 'add-application-context-header' (OnPropertyCondition)

   ServletWebServerFactoryAutoConfiguration.ForwardedHeaderFilterConfiguration:
      Did not match:
         - @ConditionalOnProperty (server.forward-headers-strategy=framework) did not find property 'server.forward-headers-strategy' (OnPropertyCondition)

   ServletWebServerFactoryConfiguration.EmbeddedJetty:
      Did not match:
         - @ConditionalOnClass did not find required classes 'org.eclipse.jetty.server.Server', 'org.eclipse.jetty.util.Loader', 'org.eclipse.jetty.ee10.webapp.WebAppContext' (OnClassCondition)

   ServletWebServerFactoryConfiguration.EmbeddedUndertow:
      Did not match:
         - @ConditionalOnClass did not find required classes 'io.undertow.Undertow', 'org.xnio.SslClientAuthMode' (OnClassCondition)

   SessionAutoConfiguration:
      Did not match:
         - @ConditionalOnClass did not find required class 'org.springframework.session.Session' (OnClassCondition)

   SessionsEndpointAutoConfiguration:
      Did not match:
         - @ConditionalOnClass did not find required class 'org.springframework.session.Session' (OnClassCondition)

   ShutdownEndpointAutoConfiguration:
      Did not match:
         - @ConditionalOnAvailableEndpoint the configured access for endpoint 'shutdown' is NONE (OnAvailableEndpointCondition)

   SignalFxMetricsExportAutoConfiguration:
      Did not match:
         - @ConditionalOnClass did not find required class 'io.micrometer.signalfx.SignalFxMeterRegistry' (OnClassCondition)

   SpringApplicationAdminJmxAutoConfiguration:
      Did not match:
         - @ConditionalOnProperty (spring.application.admin.enabled=true) did not find property 'enabled' (OnPropertyCondition)

   StackdriverMetricsExportAutoConfiguration:
      Did not match:
         - @ConditionalOnClass did not find required class 'io.micrometer.stackdriver.StackdriverMeterRegistry' (OnClassCondition)

   StartupEndpointAutoConfiguration:
      Did not match:
         - ApplicationStartup configured applicationStartup is of type class org.springframework.core.metrics.DefaultApplicationStartup, expected BufferingApplicationStartup. (StartupEndpointAutoConfiguration.ApplicationStartupCondition)

   StatsdMetricsExportAutoConfiguration:
      Did not match:
         - @ConditionalOnClass did not find required class 'io.micrometer.statsd.StatsdMeterRegistry' (OnClassCondition)

   TaskExecutorConfigurations.SimpleAsyncTaskExecutorBuilderConfiguration#simpleAsyncTaskExecutorBuilderVirtualThreads:
      Did not match:
         - @ConditionalOnMissingBean (types: org.springframework.boot.task.SimpleAsyncTaskExecutorBuilder; SearchStrategy: all) found beans of type 'org.springframework.boot.task.SimpleAsyncTaskExecutorBuilder' simpleAsyncTaskExecutorBuilder (OnBeanCondition)

   TaskExecutorConfigurations.TaskExecutorConfiguration#applicationTaskExecutorVirtualThreads:
      Did not match:
         - @ConditionalOnThreading did not find VIRTUAL (OnThreadingCondition)

   TaskSchedulingAutoConfiguration#scheduledBeanLazyInitializationExcludeFilter:
      Did not match:
         - @ConditionalOnBean (names: org.springframework.context.annotation.internalScheduledAnnotationProcessor; SearchStrategy: all) did not find any beans named org.springframework.context.annotation.internalScheduledAnnotationProcessor (OnBeanCondition)

   TaskSchedulingConfigurations.SimpleAsyncTaskSchedulerBuilderConfiguration#simpleAsyncTaskSchedulerBuilderVirtualThreads:
      Did not match:
         - @ConditionalOnMissingBean (types: org.springframework.boot.task.SimpleAsyncTaskSchedulerBuilder; SearchStrategy: all) found beans of type 'org.springframework.boot.task.SimpleAsyncTaskSchedulerBuilder' simpleAsyncTaskSchedulerBuilder (OnBeanCondition)

   TaskSchedulingConfigurations.TaskSchedulerConfiguration:
      Did not match:
         - @ConditionalOnBean (names: org.springframework.context.annotation.internalScheduledAnnotationProcessor; SearchStrategy: all) did not find any beans named org.springframework.context.annotation.internalScheduledAnnotationProcessor (OnBeanCondition)

   ThymeleafAutoConfiguration:
      Did not match:
         - @ConditionalOnClass did not find required class 'org.thymeleaf.spring6.SpringTemplateEngine' (OnClassCondition)

   TransactionAutoConfiguration#transactionalOperator:
      Did not match:
         - @ConditionalOnSingleCandidate (types: org.springframework.transaction.ReactiveTransactionManager; SearchStrategy: all) did not find any beans (OnBeanCondition)

   TransactionAutoConfiguration.AspectJTransactionManagementConfiguration:
      Did not match:
         - @ConditionalOnBean did not find required type 'org.springframework.transaction.aspectj.AbstractTransactionAspect' (OnBeanCondition)
         - @ConditionalOnBean (types: org.springframework.transaction.aspectj.AbstractTransactionAspect; SearchStrategy: all) did not find any beans of type org.springframework.transaction.aspectj.AbstractTransactionAspect (OnBeanCondition)

   TransactionAutoConfiguration.EnableTransactionManagementConfiguration:
      Did not match:
         - @ConditionalOnBean (types: org.springframework.transaction.TransactionManager; SearchStrategy: all) did not find any beans of type org.springframework.transaction.TransactionManager (OnBeanCondition)

   TransactionAutoConfiguration.EnableTransactionManagementConfiguration.CglibAutoProxyConfiguration:
      Did not match:
         - Ancestor org.springframework.boot.autoconfigure.transaction.TransactionAutoConfiguration$EnableTransactionManagementConfiguration did not match (ConditionEvaluationReport.AncestorsMatchedCondition)
      Matched:
         - @ConditionalOnProperty (spring.aop.proxy-target-class=true) matched (OnPropertyCondition)

   TransactionAutoConfiguration.EnableTransactionManagementConfiguration.JdkDynamicAutoProxyConfiguration:
      Did not match:
         - @ConditionalOnProperty (spring.aop.proxy-target-class=false) did not find property 'proxy-target-class' (OnPropertyCondition)
         - Ancestor org.springframework.boot.autoconfigure.transaction.TransactionAutoConfiguration$EnableTransactionManagementConfiguration did not match (ConditionEvaluationReport.AncestorsMatchedCondition)

   TransactionAutoConfiguration.TransactionTemplateConfiguration:
      Did not match:
         - @ConditionalOnSingleCandidate (types: org.springframework.transaction.PlatformTransactionManager; SearchStrategy: all) did not find any beans (OnBeanCondition)

   UserDetailsServiceAutoConfiguration:
      Did not match:
         - @ConditionalOnClass did not find required class 'org.springframework.security.authentication.AuthenticationManager' (OnClassCondition)

   ValidationAutoConfiguration:
      Did not match:
         - @ConditionalOnClass did not find required class 'jakarta.validation.executable.ExecutableValidator' (OnClassCondition)

   WavefrontAutoConfiguration:
      Did not match:
         - @ConditionalOnClass did not find required class 'com.wavefront.sdk.common.application.ApplicationTags' (OnClassCondition)

   WavefrontMetricsExportAutoConfiguration:
      Did not match:
         - @ConditionalOnClass did not find required class 'com.wavefront.sdk.common.WavefrontSender' (OnClassCondition)

   WavefrontTracingAutoConfiguration:
      Did not match:
         - @ConditionalOnClass did not find required class 'com.wavefront.sdk.common.WavefrontSender' (OnClassCondition)

   WebClientAutoConfiguration:
      Did not match:
         - @ConditionalOnClass did not find required class 'org.springframework.web.reactive.function.client.WebClient' (OnClassCondition)

   WebClientObservationConfiguration:
      Did not match:
         - @ConditionalOnClass did not find required class 'org.springframework.web.reactive.function.client.WebClient' (OnClassCondition)

   WebFluxAutoConfiguration:
      Did not match:
         - @ConditionalOnClass did not find required class 'org.springframework.web.reactive.config.WebFluxConfigurer' (OnClassCondition)

   WebFluxEndpointManagementContextConfiguration:
      Did not match:
         - @ConditionalOnClass did not find required class 'org.springframework.web.reactive.DispatcherHandler' (OnClassCondition)

   WebFluxObservationAutoConfiguration:
      Did not match:
         - @ConditionalOnWebApplication did not find reactive web application classes (OnWebApplicationCondition)

   WebMvcAutoConfiguration#hiddenHttpMethodFilter:
      Did not match:
         - @ConditionalOnProperty (spring.mvc.hiddenmethod.filter.enabled) did not find property 'enabled' (OnPropertyCondition)

   WebMvcAutoConfiguration.ProblemDetailsErrorHandlingConfiguration:
      Did not match:
         - @ConditionalOnProperty (spring.mvc.problemdetails.enabled=true) did not find property 'enabled' (OnPropertyCondition)

   WebMvcAutoConfiguration.ResourceChainCustomizerConfiguration:
      Did not match:
         - @ConditionalOnEnabledResourceChain did not find class org.webjars.WebJarVersionLocator (OnEnabledResourceChainCondition)

   WebMvcAutoConfiguration.WebMvcAutoConfigurationAdapter#beanNameViewResolver:
      Did not match:
         - @ConditionalOnMissingBean (types: org.springframework.web.servlet.view.BeanNameViewResolver; SearchStrategy: all) found beans of type 'org.springframework.web.servlet.view.BeanNameViewResolver' beanNameViewResolver (OnBeanCondition)

   WebMvcEndpointManagementContextConfiguration#managementHealthEndpointWebMvcHandlerMapping:
      Did not match:
         - Management Port actual port type (SAME) did not match required type (DIFFERENT) (OnManagementPortCondition)

   WebServiceTemplateAutoConfiguration:
      Did not match:
         - @ConditionalOnClass did not find required class 'org.springframework.oxm.Marshaller' (OnClassCondition)

   WebServicesAutoConfiguration:
      Did not match:
         - @ConditionalOnClass did not find required class 'org.springframework.ws.transport.http.MessageDispatcherServlet' (OnClassCondition)

   WebSessionIdResolverAutoConfiguration:
      Did not match:
         - @ConditionalOnClass did not find required class 'reactor.core.publisher.Mono' (OnClassCondition)

   WebSocketMessagingAutoConfiguration:
      Did not match:
         - @ConditionalOnClass did not find required class 'org.springframework.web.socket.config.annotation.WebSocketMessageBrokerConfigurer' (OnClassCondition)

   WebSocketReactiveAutoConfiguration:
      Did not match:
         - @ConditionalOnWebApplication did not find reactive web application classes (OnWebApplicationCondition)

   WebSocketServletAutoConfiguration.JettyWebSocketConfiguration:
      Did not match:
         - @ConditionalOnClass did not find required class 'org.eclipse.jetty.ee10.websocket.jakarta.server.config.JakartaWebSocketServletContainerInitializer' (OnClassCondition)

   WebSocketServletAutoConfiguration.UndertowWebSocketConfiguration:
      Did not match:
         - @ConditionalOnClass did not find required class 'io.undertow.websockets.jsr.Bootstrap' (OnClassCondition)

   XADataSourceAutoConfiguration:
      Did not match:
         - @ConditionalOnClass did not find required class 'jakarta.transaction.TransactionManager' (OnClassCondition)

   ZipkinAutoConfiguration:
      Did not match:
         - @ConditionalOnClass did not find required class 'zipkin2.reporter.Encoding' (OnClassCondition)


Exclusions:
-----------

    None


Unconditional classes:
----------------------

    org.springframework.boot.autoconfigure.context.ConfigurationPropertiesAutoConfiguration

    org.springframework.boot.actuate.autoconfigure.availability.AvailabilityHealthContributorAutoConfiguration

    org.springframework.boot.autoconfigure.ssl.SslAutoConfiguration

    org.springframework.boot.actuate.autoconfigure.info.InfoContributorAutoConfiguration

    org.springframework.boot.autoconfigure.context.PropertyPlaceholderAutoConfiguration

    org.springframework.boot.autoconfigure.context.LifecycleAutoConfiguration

    org.springframework.boot.actuate.autoconfigure.metrics.integration.IntegrationMetricsAutoConfiguration

    org.springframework.boot.actuate.autoconfigure.endpoint.EndpointAutoConfiguration

    org.springframework.boot.actuate.autoconfigure.web.server.ManagementContextAutoConfiguration

    org.springframework.boot.actuate.autoconfigure.health.HealthContributorAutoConfiguration

    org.springframework.boot.actuate.autoconfigure.endpoint.jackson.JacksonEndpointAutoConfiguration

    org.springframework.boot.autoconfigure.availability.ApplicationAvailabilityAutoConfiguration

    org.springframework.boot.autoconfigure.info.ProjectInfoAutoConfiguration



2025-04-15T01:01:13.256+03:00  INFO 21840 --- [stubpod] [           main] c.stuby.stubpod.StubpodApplicationTests  : Started StubpodApplicationTests in 1.998 seconds (process running for 2.519)
2025-04-15T01:01:13.289+03:00 DEBUG 21840 --- [stubpod] [           main] o.s.b.a.ApplicationAvailabilityBean      : Application availability state LivenessState changed to CORRECT
2025-04-15T01:01:13.290+03:00 DEBUG 21840 --- [stubpod] [           main] o.s.b.a.ApplicationAvailabilityBean      : Application availability state ReadinessState changed to ACCEPTING_TRAFFIC
2025-04-15T01:01:13.291+03:00 DEBUG 21840 --- [stubpod] [           main] org.springframework.test.context.cache   : Spring test ApplicationContext cache statistics: [DefaultContextCache@351d726c size = 1, maxSize = 32, parentContextCount = 0, hitCount = 0, missCount = 1, failureCount = 0]
2025-04-15T01:01:13.291+03:00 DEBUG 21840 --- [stubpod] [           main] o.s.t.c.w.ServletTestExecutionListener   : Setting up MockHttpServletRequest, MockHttpServletResponse, ServletWebRequest, and RequestContextHolder for test class com.stuby.stubpod.StubpodApplicationTests
2025-04-15T01:01:13.304+03:00 DEBUG 21840 --- [stubpod] [           main] DependencyInjectionTestExecutionListener : Performing dependency injection for test class com.stuby.stubpod.StubpodApplicationTests
2025-04-15T01:01:13.305+03:00 DEBUG 21840 --- [stubpod] [           main] org.springframework.test.context.cache   : Spring test ApplicationContext cache statistics: [DefaultContextCache@351d726c size = 1, maxSize = 32, parentContextCount = 0, hitCount = 1, missCount = 1, failureCount = 0]
2025-04-15T01:01:13.306+03:00 DEBUG 21840 --- [stubpod] [           main] org.springframework.test.context.cache   : Spring test ApplicationContext cache statistics: [DefaultContextCache@351d726c size = 1, maxSize = 32, parentContextCount = 0, hitCount = 2, missCount = 1, failureCount = 0]
2025-04-15T01:01:13.308+03:00 DEBUG 21840 --- [stubpod] [           main] sContextBeforeModesTestExecutionListener : Before test method: class [StubpodApplicationTests], method [contextLoads], class annotated with @DirtiesContext [false] with mode [null], method annotated with @DirtiesContext [false] with mode [null]
2025-04-15T01:01:13.312+03:00 DEBUG 21840 --- [stubpod] [           main] org.springframework.test.context.cache   : Spring test ApplicationContext cache statistics: [DefaultContextCache@351d726c size = 1, maxSize = 32, parentContextCount = 0, hitCount = 3, missCount = 1, failureCount = 0]
2025-04-15T01:01:13.313+03:00 DEBUG 21840 --- [stubpod] [           main] org.springframework.test.context.cache   : Spring test ApplicationContext cache statistics: [DefaultContextCache@351d726c size = 1, maxSize = 32, parentContextCount = 0, hitCount = 4, missCount = 1, failureCount = 0]
2025-04-15T01:01:13.637+03:00 DEBUG 21840 --- [stubpod] [           main] org.springframework.test.context.cache   : Spring test ApplicationContext cache statistics: [DefaultContextCache@351d726c size = 1, maxSize = 32, parentContextCount = 0, hitCount = 5, missCount = 1, failureCount = 0]
2025-04-15T01:01:13.639+03:00 DEBUG 21840 --- [stubpod] [           main] org.springframework.test.context.cache   : Spring test ApplicationContext cache statistics: [DefaultContextCache@351d726c size = 1, maxSize = 32, parentContextCount = 0, hitCount = 6, missCount = 1, failureCount = 0]
2025-04-15T01:01:13.641+03:00 DEBUG 21840 --- [stubpod] [           main] org.springframework.test.context.cache   : Spring test ApplicationContext cache statistics: [DefaultContextCache@351d726c size = 1, maxSize = 32, parentContextCount = 0, hitCount = 7, missCount = 1, failureCount = 0]
2025-04-15T01:01:13.641+03:00 DEBUG 21840 --- [stubpod] [           main] org.springframework.test.context.cache   : Spring test ApplicationContext cache statistics: [DefaultContextCache@351d726c size = 1, maxSize = 32, parentContextCount = 0, hitCount = 8, missCount = 1, failureCount = 0]
2025-04-15T01:01:13.642+03:00 DEBUG 21840 --- [stubpod] [           main] org.springframework.test.context.cache   : Spring test ApplicationContext cache statistics: [DefaultContextCache@351d726c size = 1, maxSize = 32, parentContextCount = 0, hitCount = 9, missCount = 1, failureCount = 0]
2025-04-15T01:01:13.642+03:00 DEBUG 21840 --- [stubpod] [           main] org.springframework.test.context.cache   : Spring test ApplicationContext cache statistics: [DefaultContextCache@351d726c size = 1, maxSize = 32, parentContextCount = 0, hitCount = 10, missCount = 1, failureCount = 0]
2025-04-15T01:01:13.642+03:00 DEBUG 21840 --- [stubpod] [           main] org.springframework.test.context.cache   : Spring test ApplicationContext cache statistics: [DefaultContextCache@351d726c size = 1, maxSize = 32, parentContextCount = 0, hitCount = 11, missCount = 1, failureCount = 0]
2025-04-15T01:01:13.642+03:00 DEBUG 21840 --- [stubpod] [           main] org.springframework.test.context.cache   : Spring test ApplicationContext cache statistics: [DefaultContextCache@351d726c size = 1, maxSize = 32, parentContextCount = 0, hitCount = 12, missCount = 1, failureCount = 0]
2025-04-15T01:01:13.643+03:00 DEBUG 21840 --- [stubpod] [           main] org.springframework.test.context.cache   : Spring test ApplicationContext cache statistics: [DefaultContextCache@351d726c size = 1, maxSize = 32, parentContextCount = 0, hitCount = 13, missCount = 1, failureCount = 0]
2025-04-15T01:01:13.643+03:00 DEBUG 21840 --- [stubpod] [           main] .c.s.DirtiesContextTestExecutionListener : After test method: class [StubpodApplicationTests], method [contextLoads], class annotated with @DirtiesContext [false] with mode [null], method annotated with @DirtiesContext [false] with mode [null]
2025-04-15T01:01:13.643+03:00 DEBUG 21840 --- [stubpod] [           main] o.s.t.c.w.ServletTestExecutionListener   : Resetting RequestContextHolder for test class com.stuby.stubpod.StubpodApplicationTests
]]></system-out>
  </testcase>
</testsuite>